[2019-06-09 01:00:01] [INFO] Running nightly build for branch master
[2019-06-09 01:00:01] [INFO] Updating local repository
[2019-06-09 01:00:01] [INFO] git fetch --all
[2019-06-09 01:00:02] [INFO] Fetching origin
[2019-06-09 01:00:20] [INFO] git checkout master
[2019-06-09 01:00:21] [INFO] Your branch is behind 'origin/master' by 4 commits, and can be fast-forwarded.
[2019-06-09 01:00:21] [INFO]   (use "git pull" to update your local branch)
[2019-06-09 01:00:21] [INFO] git reset --hard origin/master
[2019-06-09 01:00:22] [INFO] HEAD is now at 1023f3971 Medical Menu - Hide categories if they don't have any actions (#6988)
[2019-06-09 01:00:22] [INFO] git clean -qfdx
[2019-06-09 01:00:23] [INFO] Local repository is up-to date
[2019-06-09 01:00:23] [INFO] Cleaning up
[2019-06-09 01:00:23] [INFO] Deleting old p drive folders
[2019-06-09 01:00:23] [INFO] Deleting old p drive files
[2019-06-09 01:00:23] [INFO] Removing old release
[2019-06-09 01:00:23] [INFO] Clean up finished
[2019-06-09 01:00:25] [INFO] Checking if build is necessary
[2019-06-09 01:00:25] [INFO] Current commit hash is 1023f39718d27f694ac9b8068fb42cfb28ab71f5
[2019-06-09 01:00:25] [INFO] Last build was created for commit hash dc30d2a128a6653f50812fa84fd7e1fe1501bf6b
[2019-06-09 01:00:25] [INFO] New commits since last build detected - proceed with build
[2019-06-09 01:00:25] [INFO] Build started
[2019-06-09 01:00:27] [INFO] 
[2019-06-09 01:00:27] [INFO] make.py for Arma, modified for Advanced Combat Environment v0.9
[2019-06-09 01:00:27] [INFO] Build successful
[2019-06-09 01:00:27] [INFO] Updating build db with latest commit hash
[2019-06-09 01:00:27] [INFO] Build db successfully updated
[2019-06-09 01:00:27] [INFO] Build finished
[2019-06-09 01:00:27] [INFO] Preparing log files for upload
[2019-06-09 01:00:27] [INFO] Closing log
