[2019-06-17 15:01:22] [INFO] Running nightly build for branch master
[2019-06-17 15:01:23] [INFO] Updating local repository
[2019-06-17 15:01:23] [INFO] git fetch --all
[2019-06-17 15:01:23] [INFO] Fetching origin
[2019-06-17 15:01:52] [INFO] git checkout master
[2019-06-17 15:02:10] [INFO] Your branch is behind 'origin/master' by 6 commits, and can be fast-forwarded.
[2019-06-17 15:02:10] [INFO]   (use "git pull" to update your local branch)
[2019-06-17 15:02:10] [INFO] git reset --hard origin/master
[2019-06-17 15:02:12] [INFO] HEAD is now at d52fedf39 Medical Treatment - Scale bandage time based on amount of wound treated (#7049)
[2019-06-17 15:02:12] [INFO] git clean -qfdx
[2019-06-17 15:02:12] [INFO] Local repository is up-to date
[2019-06-17 15:02:12] [INFO] Cleaning up
[2019-06-17 15:02:12] [INFO] Deleting old p drive folders
[2019-06-17 15:02:12] [INFO] P drive was not found
[2019-06-17 15:02:12] [INFO] Mounting P drive
[2019-06-17 15:02:13] [INFO] Deleting old p drive files
[2019-06-17 15:02:13] [INFO] Removing old release
[2019-06-17 15:02:13] [INFO] Clean up finished
[2019-06-17 15:02:14] [INFO] Checking if build is necessary
[2019-06-17 15:02:14] [INFO] Current commit hash is d52fedf39ff20bffeada28ffa04e59e4a032e5a2
[2019-06-17 15:02:14] [INFO] Last build was created for commit hash 1023f39718d27f694ac9b8068fb42cfb28ab71f5
[2019-06-17 15:02:14] [INFO] New commits since last build detected - proceed with build
[2019-06-17 15:02:14] [INFO] Build started
[2019-06-17 15:02:15] [INFO] 
[2019-06-17 15:02:15] [INFO] make.py for Arma, modified for Advanced Combat Environment v0.9
[2019-06-17 15:02:15] [INFO] Build successful
[2019-06-17 15:02:15] [INFO] Updating build db with latest commit hash
[2019-06-17 15:02:15] [INFO] Build db successfully updated
[2019-06-17 15:02:15] [INFO] Build finished
[2019-06-17 15:02:15] [INFO] Preparing log files for upload
[2019-06-17 15:02:15] [INFO] Closing log
