[2019-11-24 08:27:23] [INFO] Running nightly build for branch medical-rewrite
[2019-11-24 08:27:23] [INFO] Updating local repository
[2019-11-24 08:27:23] [INFO] git fetch --all
[2019-11-24 08:27:23] [INFO] Fetching origin
[2019-11-24 08:27:27] [INFO] git checkout medical-rewrite
[2019-11-24 08:27:29] [INFO] git reset --hard origin/medical-rewrite
[2019-11-24 08:27:29] [INFO] git clean -qfdx
[2019-11-24 08:27:30] [INFO] Local repository is up-to date
[2019-11-24 08:27:30] [INFO] Cleaning up
[2019-11-24 08:27:30] [INFO] Deleting old p drive folders
[2019-11-24 08:27:30] [INFO] P drive was not found
[2019-11-24 08:27:30] [INFO] Mounting P drive
[2019-11-24 08:27:31] [INFO] Deleting old p drive files
[2019-11-24 08:27:31] [INFO] Removing old release
[2019-11-24 08:27:31] [INFO] Clean up finished
[2019-11-24 08:27:32] [INFO] Checking if build is necessary
[2019-11-24 08:27:32] [INFO] Current commit hash is f2b9bf3a17267fd7f1c7e39fa58d4c5a40ddbbd1
[2019-11-24 08:27:32] [INFO] Last build was created for commit hash f2b9bf3a17267fd7f1c7e39fa58d4c5a40ddbbd1
[2019-11-24 08:27:32] [INFO] No new commits since last build - ending build
[2019-11-24 08:27:32] [INFO] Exiting build
[2019-11-24 08:27:48] [INFO] HEAD is now at 829240a93 Merge pull request #7279 from Whigital/kestrel_layer_fix
[2019-11-24 08:27:48] [INFO] git clean -qfdx
[2019-11-24 08:27:50] [INFO] Local repository is up-to date
[2019-11-24 08:27:50] [INFO] Cleaning up
[2019-11-24 08:27:50] [INFO] Deleting old p drive folders
[2019-11-24 08:27:50] [INFO] Deleting old p drive files
[2019-11-24 08:27:50] [INFO] Removing old release
[2019-11-24 08:27:50] [INFO] Clean up finished
[2019-11-24 08:27:50] [INFO] Checking if build is necessary
[2019-11-24 08:27:50] [INFO] Current commit hash is 829240a93a73ec13c8700af8b44562f83cb42232
[2019-11-24 08:27:50] [INFO] Last build was created for commit hash 1128ff0f3fe221502839f7e9381572fa885f029a
[2019-11-24 08:27:50] [INFO] New commits since last build detected - proceed with build
[2019-11-24 08:27:50] [INFO] Build started
[2019-11-24 08:27:52] [INFO] 
[2019-11-24 08:27:52] [INFO] make.py for Arma, modified for Advanced Combat Environment v0.9
[2019-11-24 08:27:52] [INFO] 
[2019-11-24 08:27:52] [INFO] Check external references is set to False
[2019-11-24 08:27:52] [INFO] COMMIT ID set to 829240a9
[2019-11-24 08:27:52] [INFO] ACE VERSION set to 3.12.6.43
[2019-11-24 08:27:52] [INFO] module_root: P:\z\ace\addons
[2019-11-24 08:27:52] [INFO] optionals_root: P:\z\ace\optionals
[2019-11-24 08:27:52] [INFO] release_dir: P:\z\ace\release
[2019-11-24 08:27:52] [INFO] Found pboProject.
[2019-11-24 08:27:52] [INFO] Found rapify.
[2019-11-24 08:27:52] [INFO] Found MakePbo.
[2019-11-24 08:27:52] [INFO] No cache found.
[2019-11-24 08:27:52] [INFO] Reseting Cache None to New Version 3.12.6.43
[2019-11-24 08:27:52] [INFO] 
[2019-11-24 08:27:52] [INFO] Checking for obsolete version numbers...
[2019-11-24 08:27:52] [INFO] Temporarily stashing P:\z\ace\README.md => P:\z\ace\release\README.md.bak for version update
[2019-11-24 08:27:52] [INFO] Temporarily stashing P:\z\ace\docs\README_DE.md => P:\z\ace\release\README_DE.md.bak for version update
[2019-11-24 08:27:52] [INFO] Temporarily stashing P:\z\ace\docs\README_PL.md => P:\z\ace\release\README_PL.md.bak for version update
[2019-11-24 08:27:52] [INFO] Temporarily stashing P:\z\ace\mod.cpp => P:\z\ace\release\mod.cpp.bak for version update
[2019-11-24 08:27:52] [INFO] Changing version 0.0.0 => 3.12.6 in P:\z\ace\docs\README_DE.md
[2019-11-24 08:27:52] [INFO] Changing version 0.0.0 => 3.12.6 in P:\z\ace\docs\README_PL.md
[2019-11-24 08:27:52] [INFO] Changing version 0.0.0 => 3.12.6 in P:\z\ace\mod.cpp
[2019-11-24 08:27:52] [INFO] 
[2019-11-24 08:27:52] [INFO] Checking optionals folder...
[2019-11-24 08:27:52] [INFO] Temporarily copying P:\z\ace\optionals\compat_r3f => P:\z\ace\addons\compat_r3f for building.
[2019-11-24 08:27:52] [INFO] Temporarily copying P:\z\ace\optionals\compat_rhs_afrf3 => P:\z\ace\addons\compat_rhs_afrf3 for building.
[2019-11-24 08:27:53] [INFO] Temporarily copying P:\z\ace\optionals\compat_rhs_gref3 => P:\z\ace\addons\compat_rhs_gref3 for building.
[2019-11-24 08:27:53] [INFO] Temporarily copying P:\z\ace\optionals\compat_rhs_usf3 => P:\z\ace\addons\compat_rhs_usf3 for building.
[2019-11-24 08:27:53] [INFO] Temporarily copying P:\z\ace\optionals\compat_rh_acc => P:\z\ace\addons\compat_rh_acc for building.
[2019-11-24 08:27:53] [INFO] Temporarily copying P:\z\ace\optionals\compat_rh_de => P:\z\ace\addons\compat_rh_de for building.
[2019-11-24 08:27:53] [INFO] Temporarily copying P:\z\ace\optionals\compat_rh_m4 => P:\z\ace\addons\compat_rh_m4 for building.
[2019-11-24 08:27:53] [INFO] Temporarily copying P:\z\ace\optionals\compat_rh_pdw => P:\z\ace\addons\compat_rh_pdw for building.
[2019-11-24 08:27:53] [INFO] Temporarily copying P:\z\ace\optionals\compat_rksl_pm_ii => P:\z\ace\addons\compat_rksl_pm_ii for building.
[2019-11-24 08:27:53] [INFO] Temporarily copying P:\z\ace\optionals\compat_sma3_iansky => P:\z\ace\addons\compat_sma3_iansky for building.
[2019-11-24 08:27:53] [INFO] Temporarily copying P:\z\ace\optionals\noactionmenu => P:\z\ace\addons\noactionmenu for building.
[2019-11-24 08:27:53] [INFO] Temporarily copying P:\z\ace\optionals\nocrosshair => P:\z\ace\addons\nocrosshair for building.
[2019-11-24 08:27:53] [INFO] Temporarily copying P:\z\ace\optionals\nouniformrestrictions => P:\z\ace\addons\nouniformrestrictions for building.
[2019-11-24 08:27:53] [INFO] Temporarily copying P:\z\ace\optionals\particles => P:\z\ace\addons\particles for building.
[2019-11-24 08:27:53] [INFO] Temporarily copying P:\z\ace\optionals\tracers => P:\z\ace\addons\tracers for building.
[2019-11-24 08:27:55] [INFO] 
[2019-11-24 08:27:55] [INFO] Requested key does not exist.
[2019-11-24 08:27:56] [INFO] Created: P:\private_keys\ace_3.12.6.43-829240a9.biprivatekey
[2019-11-24 08:27:56] [INFO] Removing any old signature keys...
[2019-11-24 08:27:56] [INFO] Deleting *.bisign files from directory: P:\z\ace\release\@ace\addons
[2019-11-24 08:27:56] [INFO] Deleting *.bisign files from directory: P:\z\ace\release\@ace\optionals
[2019-11-24 08:27:56] [INFO] Deleting *.bikey files from directory: P:\z\ace\release\@ace\keys
[2019-11-24 08:27:56] [INFO] Copying public key to release directory.
[2019-11-24 08:27:56] [INFO] 
[2019-11-24 08:27:56] [INFO] Checking for obsolete files...
[2019-11-24 08:27:56] [INFO] 
[2019-11-24 08:27:56] [INFO] Building...
[2019-11-24 08:27:56] [INFO] 
[2019-11-24 08:27:56] [INFO] Making advanced_ballistics-----------------------------------------
[2019-11-24 08:27:56] [INFO] Missing PBO file ace_advanced_ballistics.pbo. Building...
[2019-11-24 08:27:56] [INFO] Building: P:\z\ace\addons\advanced_ballistics
[2019-11-24 08:27:56] [INFO] Destination: P:\z\ace\release\@ace\addons
[2019-11-24 08:28:05] [INFO] pboProject return code == 0
[2019-11-24 08:28:05] [INFO] Signing with P:\private_keys\ace_3.12.6.43-829240a9.biprivatekey.
[2019-11-24 08:28:06] [INFO] 
[2019-11-24 08:28:06] [INFO] Making advanced_fatigue--------------------------------------------
[2019-11-24 08:28:06] [INFO] Missing PBO file ace_advanced_fatigue.pbo. Building...
[2019-11-24 08:28:07] [INFO] Building: P:\z\ace\addons\advanced_fatigue
[2019-11-24 08:28:07] [INFO] Destination: P:\z\ace\release\@ace\addons
[2019-11-24 08:28:09] [INFO] pboProject return code == 0
[2019-11-24 08:28:09] [INFO] Signing with P:\private_keys\ace_3.12.6.43-829240a9.biprivatekey.
[2019-11-24 08:28:10] [INFO] 
[2019-11-24 08:28:10] [INFO] Making advanced_throwing-------------------------------------------
[2019-11-24 08:28:10] [INFO] Missing PBO file ace_advanced_throwing.pbo. Building...
[2019-11-24 08:28:10] [INFO] Building: P:\z\ace\addons\advanced_throwing
[2019-11-24 08:28:10] [INFO] Destination: P:\z\ace\release\@ace\addons
[2019-11-24 08:28:12] [INFO] pboProject return code == 0
[2019-11-24 08:28:12] [INFO] Signing with P:\private_keys\ace_3.12.6.43-829240a9.biprivatekey.
[2019-11-24 08:28:12] [INFO] 
[2019-11-24 08:28:12] [INFO] Making ai----------------------------------------------------------
[2019-11-24 08:28:13] [INFO] Missing PBO file ace_ai.pbo. Building...
[2019-11-24 08:28:13] [INFO] Building: P:\z\ace\addons\ai
[2019-11-24 08:28:13] [INFO] Destination: P:\z\ace\release\@ace\addons
[2019-11-24 08:28:15] [INFO] pboProject return code == 0
[2019-11-24 08:28:15] [INFO] Signing with P:\private_keys\ace_3.12.6.43-829240a9.biprivatekey.
[2019-11-24 08:28:15] [INFO] 
[2019-11-24 08:28:15] [INFO] Making aircraft----------------------------------------------------
[2019-11-24 08:28:16] [INFO] Missing PBO file ace_aircraft.pbo. Building...
[2019-11-24 08:28:16] [INFO] Building: P:\z\ace\addons\aircraft
[2019-11-24 08:28:16] [INFO] Destination: P:\z\ace\release\@ace\addons
[2019-11-24 08:28:19] [INFO] pboProject return code == 0
[2019-11-24 08:28:19] [INFO] Signing with P:\private_keys\ace_3.12.6.43-829240a9.biprivatekey.
[2019-11-24 08:28:19] [INFO] 
[2019-11-24 08:28:19] [INFO] Making apl---------------------------------------------------------
[2019-11-24 08:28:21] [INFO] Missing PBO file ace_apl.pbo. Building...
[2019-11-24 08:28:21] [INFO] Building: P:\z\ace\addons\apl
[2019-11-24 08:28:21] [INFO] Destination: P:\z\ace\release\@ace\addons
[2019-11-24 08:29:53] [INFO] pboProject return code == 0
[2019-11-24 08:29:53] [INFO] Signing with P:\private_keys\ace_3.12.6.43-829240a9.biprivatekey.
[2019-11-24 08:29:53] [INFO] 
[2019-11-24 08:29:53] [INFO] Making arsenal-----------------------------------------------------
[2019-11-24 08:29:56] [INFO] Missing PBO file ace_arsenal.pbo. Building...
[2019-11-24 08:29:56] [INFO] Building: P:\z\ace\addons\arsenal
[2019-11-24 08:29:56] [INFO] Destination: P:\z\ace\release\@ace\addons
[2019-11-24 08:29:59] [INFO] pboProject return code == 0
[2019-11-24 08:29:59] [INFO] Signing with P:\private_keys\ace_3.12.6.43-829240a9.biprivatekey.
[2019-11-24 08:29:59] [INFO] 
[2019-11-24 08:29:59] [INFO] Making atragmx-----------------------------------------------------
[2019-11-24 08:30:04] [INFO] Missing PBO file ace_atragmx.pbo. Building...
[2019-11-24 08:30:04] [INFO] Building: P:\z\ace\addons\atragmx
[2019-11-24 08:30:04] [INFO] Destination: P:\z\ace\release\@ace\addons
[2019-11-24 08:31:24] [INFO] pboProject return code == 0
[2019-11-24 08:31:24] [INFO] Signing with P:\private_keys\ace_3.12.6.43-829240a9.biprivatekey.
[2019-11-24 08:31:24] [INFO] 
[2019-11-24 08:31:24] [INFO] Making attach------------------------------------------------------
[2019-11-24 08:31:25] [INFO] Missing PBO file ace_attach.pbo. Building...
[2019-11-24 08:31:25] [INFO] Building: P:\z\ace\addons\attach
[2019-11-24 08:31:25] [INFO] Destination: P:\z\ace\release\@ace\addons
[2019-11-24 08:32:04] [INFO] pboProject return code == 0
[2019-11-24 08:32:04] [INFO] Signing with P:\private_keys\ace_3.12.6.43-829240a9.biprivatekey.
[2019-11-24 08:32:04] [INFO] 
[2019-11-24 08:32:04] [INFO] Making backpacks---------------------------------------------------
[2019-11-24 08:32:04] [INFO] Missing PBO file ace_backpacks.pbo. Building...
[2019-11-24 08:32:04] [INFO] Building: P:\z\ace\addons\backpacks
[2019-11-24 08:32:04] [INFO] Destination: P:\z\ace\release\@ace\addons
[2019-11-24 08:32:07] [INFO] pboProject return code == 0
[2019-11-24 08:32:07] [INFO] Signing with P:\private_keys\ace_3.12.6.43-829240a9.biprivatekey.
[2019-11-24 08:32:07] [INFO] 
[2019-11-24 08:32:07] [INFO] Making ballistics--------------------------------------------------
[2019-11-24 08:32:08] [INFO] Missing PBO file ace_ballistics.pbo. Building...
[2019-11-24 08:32:08] [INFO] Building: P:\z\ace\addons\ballistics
[2019-11-24 08:32:08] [INFO] Destination: P:\z\ace\release\@ace\addons
[2019-11-24 08:32:10] [INFO] pboProject return code == 0
[2019-11-24 08:32:10] [INFO] Signing with P:\private_keys\ace_3.12.6.43-829240a9.biprivatekey.
[2019-11-24 08:32:10] [INFO] 
[2019-11-24 08:32:10] [INFO] Making captives----------------------------------------------------
[2019-11-24 08:32:12] [INFO] Missing PBO file ace_captives.pbo. Building...
[2019-11-24 08:32:12] [INFO] Building: P:\z\ace\addons\captives
[2019-11-24 08:32:12] [INFO] Destination: P:\z\ace\release\@ace\addons
[2019-11-24 08:33:06] [INFO] pboProject return code == 0
[2019-11-24 08:33:06] [INFO] Signing with P:\private_keys\ace_3.12.6.43-829240a9.biprivatekey.
[2019-11-24 08:33:06] [INFO] 
[2019-11-24 08:33:06] [INFO] Making cargo-------------------------------------------------------
[2019-11-24 08:33:07] [INFO] Missing PBO file ace_cargo.pbo. Building...
[2019-11-24 08:33:07] [INFO] Building: P:\z\ace\addons\cargo
[2019-11-24 08:33:07] [INFO] Destination: P:\z\ace\release\@ace\addons
[2019-11-24 08:33:10] [INFO] pboProject return code == 0
[2019-11-24 08:33:10] [INFO] Signing with P:\private_keys\ace_3.12.6.43-829240a9.biprivatekey.
[2019-11-24 08:33:11] [INFO] 
[2019-11-24 08:33:11] [INFO] Making chemlights--------------------------------------------------
[2019-11-24 08:33:12] [INFO] Missing PBO file ace_chemlights.pbo. Building...
[2019-11-24 08:33:12] [INFO] Building: P:\z\ace\addons\chemlights
[2019-11-24 08:33:12] [INFO] Destination: P:\z\ace\release\@ace\addons
[2019-11-24 08:33:16] [INFO] pboProject return code == 0
[2019-11-24 08:33:16] [INFO] Signing with P:\private_keys\ace_3.12.6.43-829240a9.biprivatekey.
[2019-11-24 08:33:16] [INFO] 
[2019-11-24 08:33:16] [INFO] Making common------------------------------------------------------
[2019-11-24 08:33:20] [INFO] Missing PBO file ace_common.pbo. Building...
[2019-11-24 08:33:20] [INFO] Building: P:\z\ace\addons\common
[2019-11-24 08:33:20] [INFO] Destination: P:\z\ace\release\@ace\addons
[2019-11-24 08:35:22] [INFO] pboProject return code == 0
[2019-11-24 08:35:22] [INFO] Signing with P:\private_keys\ace_3.12.6.43-829240a9.biprivatekey.
[2019-11-24 08:35:22] [INFO] 
[2019-11-24 08:35:22] [INFO] Making compat_r3f--------------------------------------------------
[2019-11-24 08:35:22] [INFO] Missing PBO file ace_compat_r3f.pbo. Building...
[2019-11-24 08:35:22] [INFO] Building: P:\z\ace\addons\compat_r3f
[2019-11-24 08:35:22] [INFO] Destination: P:\z\ace\release\@ace\addons
[2019-11-24 08:35:27] [INFO] pboProject return code == 0
[2019-11-24 08:35:27] [INFO] Signing with P:\private_keys\ace_3.12.6.43-829240a9.biprivatekey.
[2019-11-24 08:35:27] [INFO] 
[2019-11-24 08:35:27] [INFO] Making compat_rhs_afrf3--------------------------------------------
[2019-11-24 08:35:28] [INFO] Missing PBO file ace_compat_rhs_afrf3.pbo. Building...
[2019-11-24 08:35:28] [INFO] Building: P:\z\ace\addons\compat_rhs_afrf3
[2019-11-24 08:35:28] [INFO] Destination: P:\z\ace\release\@ace\addons
[2019-11-24 08:35:29] [INFO] pboProject return code == 0
[2019-11-24 08:35:29] [INFO] Signing with P:\private_keys\ace_3.12.6.43-829240a9.biprivatekey.
[2019-11-24 08:35:29] [INFO] 
[2019-11-24 08:35:29] [INFO] Making compat_rhs_gref3--------------------------------------------
[2019-11-24 08:35:30] [INFO] Missing PBO file ace_compat_rhs_gref3.pbo. Building...
[2019-11-24 08:35:30] [INFO] Building: P:\z\ace\addons\compat_rhs_gref3
[2019-11-24 08:35:30] [INFO] Destination: P:\z\ace\release\@ace\addons
[2019-11-24 08:35:32] [INFO] pboProject return code == 0
[2019-11-24 08:35:32] [INFO] Signing with P:\private_keys\ace_3.12.6.43-829240a9.biprivatekey.
[2019-11-24 08:35:32] [INFO] 
[2019-11-24 08:35:32] [INFO] Making compat_rhs_usf3---------------------------------------------
[2019-11-24 08:35:33] [INFO] Missing PBO file ace_compat_rhs_usf3.pbo. Building...
[2019-11-24 08:35:33] [INFO] Building: P:\z\ace\addons\compat_rhs_usf3
[2019-11-24 08:35:33] [INFO] Destination: P:\z\ace\release\@ace\addons
[2019-11-24 08:35:36] [INFO] pboProject return code == 0
[2019-11-24 08:35:36] [INFO] Signing with P:\private_keys\ace_3.12.6.43-829240a9.biprivatekey.
[2019-11-24 08:35:36] [INFO] 
[2019-11-24 08:35:36] [INFO] Making compat_rh_acc-----------------------------------------------
[2019-11-24 08:35:36] [INFO] Missing PBO file ace_compat_rh_acc.pbo. Building...
[2019-11-24 08:35:36] [INFO] Building: P:\z\ace\addons\compat_rh_acc
[2019-11-24 08:35:36] [INFO] Destination: P:\z\ace\release\@ace\addons
[2019-11-24 08:35:38] [INFO] pboProject return code == 0
[2019-11-24 08:35:38] [INFO] Signing with P:\private_keys\ace_3.12.6.43-829240a9.biprivatekey.
[2019-11-24 08:35:38] [INFO] 
[2019-11-24 08:35:38] [INFO] Making compat_rh_de------------------------------------------------
[2019-11-24 08:35:38] [INFO] Missing PBO file ace_compat_rh_de.pbo. Building...
[2019-11-24 08:35:38] [INFO] Building: P:\z\ace\addons\compat_rh_de
[2019-11-24 08:35:38] [INFO] Destination: P:\z\ace\release\@ace\addons
[2019-11-24 08:35:40] [INFO] pboProject return code == 0
[2019-11-24 08:35:40] [INFO] Signing with P:\private_keys\ace_3.12.6.43-829240a9.biprivatekey.
[2019-11-24 08:35:40] [INFO] 
[2019-11-24 08:35:40] [INFO] Making compat_rh_m4------------------------------------------------
[2019-11-24 08:35:40] [INFO] Missing PBO file ace_compat_rh_m4.pbo. Building...
[2019-11-24 08:35:40] [INFO] Building: P:\z\ace\addons\compat_rh_m4
[2019-11-24 08:35:40] [INFO] Destination: P:\z\ace\release\@ace\addons
[2019-11-24 08:35:44] [INFO] pboProject return code == 0
[2019-11-24 08:35:44] [INFO] Signing with P:\private_keys\ace_3.12.6.43-829240a9.biprivatekey.
[2019-11-24 08:35:44] [INFO] 
[2019-11-24 08:35:44] [INFO] Making compat_rh_pdw-----------------------------------------------
[2019-11-24 08:35:44] [INFO] Missing PBO file ace_compat_rh_pdw.pbo. Building...
[2019-11-24 08:35:44] [INFO] Building: P:\z\ace\addons\compat_rh_pdw
[2019-11-24 08:35:44] [INFO] Destination: P:\z\ace\release\@ace\addons
[2019-11-24 08:35:46] [INFO] pboProject return code == 0
[2019-11-24 08:35:46] [INFO] Signing with P:\private_keys\ace_3.12.6.43-829240a9.biprivatekey.
[2019-11-24 08:35:47] [INFO] 
[2019-11-24 08:35:47] [INFO] Making compat_rksl_pm_ii-------------------------------------------
[2019-11-24 08:35:47] [INFO] Missing PBO file ace_compat_rksl_pm_ii.pbo. Building...
[2019-11-24 08:35:47] [INFO] Building: P:\z\ace\addons\compat_rksl_pm_ii
[2019-11-24 08:35:47] [INFO] Destination: P:\z\ace\release\@ace\addons
[2019-11-24 08:35:49] [INFO] pboProject return code == 0
[2019-11-24 08:35:49] [INFO] Signing with P:\private_keys\ace_3.12.6.43-829240a9.biprivatekey.
[2019-11-24 08:35:50] [INFO] 
[2019-11-24 08:35:50] [INFO] Making compat_sma3_iansky------------------------------------------
[2019-11-24 08:35:50] [INFO] Missing PBO file ace_compat_sma3_iansky.pbo. Building...
[2019-11-24 08:35:50] [INFO] Building: P:\z\ace\addons\compat_sma3_iansky
[2019-11-24 08:35:50] [INFO] Destination: P:\z\ace\release\@ace\addons
[2019-11-24 08:35:53] [INFO] pboProject return code == 0
[2019-11-24 08:35:53] [INFO] Signing with P:\private_keys\ace_3.12.6.43-829240a9.biprivatekey.
[2019-11-24 08:35:54] [INFO] 
[2019-11-24 08:35:54] [INFO] Making concertina_wire---------------------------------------------
[2019-11-24 08:35:54] [INFO] Missing PBO file ace_concertina_wire.pbo. Building...
[2019-11-24 08:35:54] [INFO] Building: P:\z\ace\addons\concertina_wire
[2019-11-24 08:35:54] [INFO] Destination: P:\z\ace\release\@ace\addons
[2019-11-24 08:36:13] [INFO] pboProject return code == 0
[2019-11-24 08:36:13] [INFO] Signing with P:\private_keys\ace_3.12.6.43-829240a9.biprivatekey.
[2019-11-24 08:36:13] [INFO] 
[2019-11-24 08:36:13] [INFO] Making cookoff-----------------------------------------------------
[2019-11-24 08:36:14] [INFO] Missing PBO file ace_cookoff.pbo. Building...
[2019-11-24 08:36:14] [INFO] Building: P:\z\ace\addons\cookoff
[2019-11-24 08:36:14] [INFO] Destination: P:\z\ace\release\@ace\addons
[2019-11-24 08:36:18] [INFO] pboProject return code == 0
[2019-11-24 08:36:18] [INFO] Signing with P:\private_keys\ace_3.12.6.43-829240a9.biprivatekey.
[2019-11-24 08:36:19] [INFO] 
[2019-11-24 08:36:19] [INFO] Making csw---------------------------------------------------------
[2019-11-24 08:36:20] [INFO] Missing PBO file ace_csw.pbo. Building...
[2019-11-24 08:36:20] [INFO] Building: P:\z\ace\addons\csw
[2019-11-24 08:36:20] [INFO] Destination: P:\z\ace\release\@ace\addons
[2019-11-24 08:36:24] [INFO] pboProject return code == 0
[2019-11-24 08:36:24] [INFO] Signing with P:\private_keys\ace_3.12.6.43-829240a9.biprivatekey.
[2019-11-24 08:36:24] [INFO] 
[2019-11-24 08:36:24] [INFO] Making dagr--------------------------------------------------------
[2019-11-24 08:36:25] [INFO] Missing PBO file ace_dagr.pbo. Building...
[2019-11-24 08:36:25] [INFO] Building: P:\z\ace\addons\dagr
[2019-11-24 08:36:25] [INFO] Destination: P:\z\ace\release\@ace\addons
[2019-11-24 08:36:46] [INFO] pboProject return code == 0
[2019-11-24 08:36:46] [INFO] Signing with P:\private_keys\ace_3.12.6.43-829240a9.biprivatekey.
[2019-11-24 08:36:46] [INFO] 
[2019-11-24 08:36:46] [INFO] Making disarming---------------------------------------------------
[2019-11-24 08:36:46] [INFO] Missing PBO file ace_disarming.pbo. Building...
[2019-11-24 08:36:46] [INFO] Building: P:\z\ace\addons\disarming
[2019-11-24 08:36:46] [INFO] Destination: P:\z\ace\release\@ace\addons
[2019-11-24 08:36:49] [INFO] pboProject return code == 0
[2019-11-24 08:36:49] [INFO] Signing with P:\private_keys\ace_3.12.6.43-829240a9.biprivatekey.
[2019-11-24 08:36:49] [INFO] 
[2019-11-24 08:36:49] [INFO] Making disposable--------------------------------------------------
[2019-11-24 08:36:49] [INFO] Missing PBO file ace_disposable.pbo. Building...
[2019-11-24 08:36:49] [INFO] Building: P:\z\ace\addons\disposable
[2019-11-24 08:36:49] [INFO] Destination: P:\z\ace\release\@ace\addons
[2019-11-24 08:36:51] [INFO] pboProject return code == 0
[2019-11-24 08:36:51] [INFO] Signing with P:\private_keys\ace_3.12.6.43-829240a9.biprivatekey.
[2019-11-24 08:36:51] [INFO] 
[2019-11-24 08:36:51] [INFO] Making dogtags-----------------------------------------------------
[2019-11-24 08:36:52] [INFO] Missing PBO file ace_dogtags.pbo. Building...
[2019-11-24 08:36:52] [INFO] Building: P:\z\ace\addons\dogtags
[2019-11-24 08:36:52] [INFO] Destination: P:\z\ace\release\@ace\addons
[2019-11-24 08:37:34] [INFO] pboProject return code == 0
[2019-11-24 08:37:34] [INFO] Signing with P:\private_keys\ace_3.12.6.43-829240a9.biprivatekey.
[2019-11-24 08:37:34] [INFO] 
[2019-11-24 08:37:34] [INFO] Making dragging----------------------------------------------------
[2019-11-24 08:37:34] [INFO] Missing PBO file ace_dragging.pbo. Building...
[2019-11-24 08:37:34] [INFO] Building: P:\z\ace\addons\dragging
[2019-11-24 08:37:34] [INFO] Destination: P:\z\ace\release\@ace\addons
[2019-11-24 08:37:38] [INFO] pboProject return code == 0
[2019-11-24 08:37:38] [INFO] Signing with P:\private_keys\ace_3.12.6.43-829240a9.biprivatekey.
[2019-11-24 08:37:38] [INFO] 
[2019-11-24 08:37:38] [INFO] Making dragon------------------------------------------------------
[2019-11-24 08:37:40] [INFO] Missing PBO file ace_dragon.pbo. Building...
[2019-11-24 08:37:40] [INFO] Building: P:\z\ace\addons\dragon
[2019-11-24 08:37:40] [INFO] Destination: P:\z\ace\release\@ace\addons
[2019-11-24 08:38:55] [INFO] pboProject return code == 0
[2019-11-24 08:38:55] [INFO] Signing with P:\private_keys\ace_3.12.6.43-829240a9.biprivatekey.
[2019-11-24 08:38:56] [INFO] 
[2019-11-24 08:38:56] [INFO] Making explosives--------------------------------------------------
[2019-11-24 08:38:57] [INFO] Missing PBO file ace_explosives.pbo. Building...
[2019-11-24 08:38:57] [INFO] Building: P:\z\ace\addons\explosives
[2019-11-24 08:38:57] [INFO] Destination: P:\z\ace\release\@ace\addons
[2019-11-24 08:39:38] [INFO] pboProject return code == 0
[2019-11-24 08:39:38] [INFO] Signing with P:\private_keys\ace_3.12.6.43-829240a9.biprivatekey.
[2019-11-24 08:39:39] [INFO] 
[2019-11-24 08:39:39] [INFO] Making fastroping--------------------------------------------------
[2019-11-24 08:39:41] [INFO] Missing PBO file ace_fastroping.pbo. Building...
[2019-11-24 08:39:41] [INFO] Building: P:\z\ace\addons\fastroping
[2019-11-24 08:39:41] [INFO] Destination: P:\z\ace\release\@ace\addons
[2019-11-24 08:40:07] [INFO] pboProject return code == 0
[2019-11-24 08:40:07] [INFO] Signing with P:\private_keys\ace_3.12.6.43-829240a9.biprivatekey.
[2019-11-24 08:40:07] [INFO] 
[2019-11-24 08:40:07] [INFO] Making fcs---------------------------------------------------------
[2019-11-24 08:40:09] [INFO] Missing PBO file ace_fcs.pbo. Building...
[2019-11-24 08:40:09] [INFO] Building: P:\z\ace\addons\fcs
[2019-11-24 08:40:09] [INFO] Destination: P:\z\ace\release\@ace\addons
[2019-11-24 08:40:12] [INFO] pboProject return code == 0
[2019-11-24 08:40:12] [INFO] Signing with P:\private_keys\ace_3.12.6.43-829240a9.biprivatekey.
[2019-11-24 08:40:13] [INFO] 
[2019-11-24 08:40:13] [INFO] Making finger------------------------------------------------------
[2019-11-24 08:40:13] [INFO] Missing PBO file ace_finger.pbo. Building...
[2019-11-24 08:40:13] [INFO] Building: P:\z\ace\addons\finger
[2019-11-24 08:40:13] [INFO] Destination: P:\z\ace\release\@ace\addons
[2019-11-24 08:40:15] [INFO] pboProject return code == 0
[2019-11-24 08:40:15] [INFO] Signing with P:\private_keys\ace_3.12.6.43-829240a9.biprivatekey.
[2019-11-24 08:40:16] [INFO] 
[2019-11-24 08:40:16] [INFO] Making flashlights-------------------------------------------------
[2019-11-24 08:40:17] [INFO] Missing PBO file ace_flashlights.pbo. Building...
[2019-11-24 08:40:17] [INFO] Building: P:\z\ace\addons\flashlights
[2019-11-24 08:40:17] [INFO] Destination: P:\z\ace\release\@ace\addons
[2019-11-24 08:40:33] [INFO] pboProject return code == 0
[2019-11-24 08:40:33] [INFO] Signing with P:\private_keys\ace_3.12.6.43-829240a9.biprivatekey.
[2019-11-24 08:40:33] [INFO] 
[2019-11-24 08:40:33] [INFO] Making flashsuppressors--------------------------------------------
[2019-11-24 08:40:33] [INFO] Missing PBO file ace_flashsuppressors.pbo. Building...
[2019-11-24 08:40:33] [INFO] Building: P:\z\ace\addons\flashsuppressors
[2019-11-24 08:40:33] [INFO] Destination: P:\z\ace\release\@ace\addons
[2019-11-24 08:40:35] [INFO] pboProject return code == 0
[2019-11-24 08:40:35] [INFO] Signing with P:\private_keys\ace_3.12.6.43-829240a9.biprivatekey.
[2019-11-24 08:40:35] [INFO] 
[2019-11-24 08:40:35] [INFO] Making fonts-------------------------------------------------------
[2019-11-24 08:40:38] [INFO] Missing PBO file ace_fonts.pbo. Building...
[2019-11-24 08:40:38] [INFO] Building: P:\z\ace\addons\fonts
[2019-11-24 08:40:38] [INFO] Destination: P:\z\ace\release\@ace\addons
[2019-11-24 08:40:38] [INFO] $NOBIN$ Found. Proceeding with non-binarizing!
[2019-11-24 08:40:39] [INFO] <adding entries:...>
[2019-11-24 08:40:39] [INFO]     
[2019-11-24 08:40:39] [INFO]     $PBOPREFIX$ :configuring
[2019-11-24 08:40:39] [INFO]     
[2019-11-24 08:40:39] [INFO]     
[2019-11-24 08:40:39] [INFO]     
[2019-11-24 08:40:39] [INFO]     
[2019-11-24 08:40:39] [INFO]     
[2019-11-24 08:40:39] [INFO]     
[2019-11-24 08:40:39] [INFO]     
[2019-11-24 08:40:39] [INFO]     
[2019-11-24 08:40:39] [INFO]     
[2019-11-24 08:40:39] [INFO]     
[2019-11-24 08:40:39] [INFO]     
[2019-11-24 08:40:39] [INFO]     
[2019-11-24 08:40:39] [INFO]     
[2019-11-24 08:40:39] [INFO]     
[2019-11-24 08:40:39] [INFO]     
[2019-11-24 08:40:39] [INFO]     
[2019-11-24 08:40:39] [INFO]     
[2019-11-24 08:40:39] [INFO]     
[2019-11-24 08:40:39] [INFO]     
[2019-11-24 08:40:39] [INFO]     
[2019-11-24 08:40:39] [INFO]     
[2019-11-24 08:40:39] [INFO]     
[2019-11-24 08:40:39] [INFO]     
[2019-11-24 08:40:39] [INFO]     
[2019-11-24 08:40:39] [INFO]     
[2019-11-24 08:40:39] [INFO]     
[2019-11-24 08:40:39] [INFO]     
[2019-11-24 08:40:39] [INFO]     
[2019-11-24 08:40:39] [INFO]     
[2019-11-24 08:40:39] [INFO]     
[2019-11-24 08:40:39] [INFO]     
[2019-11-24 08:40:39] [INFO]     
[2019-11-24 08:40:39] [INFO]     
[2019-11-24 08:40:39] [INFO]     
[2019-11-24 08:40:39] [INFO]     
[2019-11-24 08:40:39] [INFO]     
[2019-11-24 08:40:39] [INFO]     
[2019-11-24 08:40:39] [INFO]     
[2019-11-24 08:40:39] [INFO]     
[2019-11-24 08:40:39] [INFO]     
[2019-11-24 08:40:39] [INFO]     
[2019-11-24 08:40:39] [INFO]     
[2019-11-24 08:40:39] [INFO]     
[2019-11-24 08:40:39] [INFO]     
[2019-11-24 08:40:39] [INFO]     
[2019-11-24 08:40:39] [INFO]     
[2019-11-24 08:40:39] [INFO]     
[2019-11-24 08:40:39] [INFO]     
[2019-11-24 08:40:39] [INFO]     
[2019-11-24 08:40:39] [INFO]     
[2019-11-24 08:40:39] [INFO]     
[2019-11-24 08:40:39] [INFO]     
[2019-11-24 08:40:39] [INFO]     
[2019-11-24 08:40:39] [INFO]     
[2019-11-24 08:40:39] [INFO]     
[2019-11-24 08:40:39] [INFO]     
[2019-11-24 08:40:39] [INFO]     
[2019-11-24 08:40:39] [INFO]     
[2019-11-24 08:40:39] [INFO]     
[2019-11-24 08:40:39] [INFO]     
[2019-11-24 08:40:39] [INFO]     
[2019-11-24 08:40:39] [INFO]     
[2019-11-24 08:40:39] [INFO]     
[2019-11-24 08:40:39] [INFO]     
[2019-11-24 08:40:39] [INFO]     
[2019-11-24 08:40:39] [INFO]     
[2019-11-24 08:40:39] [INFO]     
[2019-11-24 08:40:39] [INFO]     
[2019-11-24 08:40:39] [INFO]     
[2019-11-24 08:40:39] [INFO]     
[2019-11-24 08:40:39] [INFO]     
[2019-11-24 08:40:39] [INFO]     
[2019-11-24 08:40:39] [INFO]     
[2019-11-24 08:40:39] [INFO]     
[2019-11-24 08:40:39] [INFO]     
[2019-11-24 08:40:39] [INFO]     
[2019-11-24 08:40:39] [INFO]     
[2019-11-24 08:40:39] [INFO]     
[2019-11-24 08:40:39] [INFO]     
[2019-11-24 08:40:39] [INFO]     
[2019-11-24 08:40:39] [INFO]     
[2019-11-24 08:40:39] [INFO]     
[2019-11-24 08:40:39] [INFO]     
[2019-11-24 08:40:39] [INFO]     
[2019-11-24 08:40:39] [INFO]     
[2019-11-24 08:40:39] [INFO]     
[2019-11-24 08:40:39] [INFO]     
[2019-11-24 08:40:39] [INFO]     
[2019-11-24 08:40:39] [INFO]     
[2019-11-24 08:40:39] [INFO]     
[2019-11-24 08:40:39] [INFO]     
[2019-11-24 08:40:39] [INFO]     
[2019-11-24 08:40:39] [INFO]     
[2019-11-24 08:40:39] [INFO]     
[2019-11-24 08:40:39] [INFO]     
[2019-11-24 08:40:39] [INFO]     
[2019-11-24 08:40:39] [INFO]     
[2019-11-24 08:40:39] [INFO]     
[2019-11-24 08:40:39] [INFO]     
[2019-11-24 08:40:39] [INFO]     
[2019-11-24 08:40:39] [INFO]     
[2019-11-24 08:40:39] [INFO]     
[2019-11-24 08:40:39] [INFO]     
[2019-11-24 08:40:39] [INFO]     
[2019-11-24 08:40:39] [INFO]     
[2019-11-24 08:40:39] [INFO]     
[2019-11-24 08:40:39] [INFO]     
[2019-11-24 08:40:39] [INFO]     
[2019-11-24 08:40:39] [INFO]     
[2019-11-24 08:40:39] [INFO]     
[2019-11-24 08:40:39] [INFO]     
[2019-11-24 08:40:39] [INFO]     
[2019-11-24 08:40:39] [INFO]     
[2019-11-24 08:40:39] [INFO]     
[2019-11-24 08:40:39] [INFO]     
[2019-11-24 08:40:39] [INFO]     
[2019-11-24 08:40:39] [INFO]     
[2019-11-24 08:40:39] [INFO]     
[2019-11-24 08:40:39] [INFO]     
[2019-11-24 08:40:39] [INFO]     
[2019-11-24 08:40:39] [INFO]     
[2019-11-24 08:40:39] [INFO]     
[2019-11-24 08:40:39] [INFO]     
[2019-11-24 08:40:39] [INFO]     
[2019-11-24 08:40:39] [INFO]     
[2019-11-24 08:40:39] [INFO]     
[2019-11-24 08:40:39] [INFO]     
[2019-11-24 08:40:39] [INFO]     
[2019-11-24 08:40:39] [INFO]     
[2019-11-24 08:40:39] [INFO]     
[2019-11-24 08:40:39] [INFO]     
[2019-11-24 08:40:39] [INFO]     
[2019-11-24 08:40:39] [INFO]     
[2019-11-24 08:40:39] [INFO]     
[2019-11-24 08:40:39] [INFO]     
[2019-11-24 08:40:39] [INFO]     
[2019-11-24 08:40:39] [INFO]     
[2019-11-24 08:40:39] [INFO]     
[2019-11-24 08:40:39] [INFO]     
[2019-11-24 08:40:39] [INFO]     
[2019-11-24 08:40:39] [INFO]     
[2019-11-24 08:40:39] [INFO]     
[2019-11-24 08:40:39] [INFO]     
[2019-11-24 08:40:39] [INFO]     
[2019-11-24 08:40:39] [INFO]     
[2019-11-24 08:40:39] [INFO]     
[2019-11-24 08:40:39] [INFO]     
[2019-11-24 08:40:39] [INFO]     
[2019-11-24 08:40:39] [INFO]     
[2019-11-24 08:40:39] [INFO]     
[2019-11-24 08:40:39] [INFO]     
[2019-11-24 08:40:39] [INFO]     
[2019-11-24 08:40:39] [INFO]     
[2019-11-24 08:40:39] [INFO]     
[2019-11-24 08:40:39] [INFO]     
[2019-11-24 08:40:39] [INFO] </end entries>
[2019-11-24 08:40:39] [INFO] /*Creating ArmA style pbo:*/
[2019-11-24 08:40:39] [INFO] Prefix = z\ace\addons\fonts
[2019-11-24 08:40:39] [INFO] <writing header entries>
[2019-11-24 08:40:39] [INFO] </end header>
[2019-11-24 08:40:39] [INFO] Writing data blocks...
[2019-11-24 08:40:39] [INFO] ............................................................................................................................................................
[2019-11-24 08:40:39] [INFO] Writing sha '6A19D8CEE0E1D00F2B1529CB381C3FEC8AE726D4'
[2019-11-24 08:40:39] [INFO] File written to P:\z\ace\release\@ace\addons\fonts.pbo
[2019-11-24 08:40:39] [INFO] pboProject return code == 0
[2019-11-24 08:40:39] [INFO] Signing with P:\private_keys\ace_3.12.6.43-829240a9.biprivatekey.
[2019-11-24 08:40:39] [INFO] 
[2019-11-24 08:40:39] [INFO] Making frag--------------------------------------------------------
[2019-11-24 08:40:40] [INFO] Missing PBO file ace_frag.pbo. Building...
[2019-11-24 08:40:40] [INFO] Building: P:\z\ace\addons\frag
[2019-11-24 08:40:40] [INFO] Destination: P:\z\ace\release\@ace\addons
[2019-11-24 08:40:43] [INFO] pboProject return code == 0
[2019-11-24 08:40:43] [INFO] Signing with P:\private_keys\ace_3.12.6.43-829240a9.biprivatekey.
[2019-11-24 08:40:43] [INFO] 
[2019-11-24 08:40:43] [INFO] Making gestures----------------------------------------------------
[2019-11-24 08:40:44] [INFO] Missing PBO file ace_gestures.pbo. Building...
[2019-11-24 08:40:44] [INFO] Building: P:\z\ace\addons\gestures
[2019-11-24 08:40:44] [INFO] Destination: P:\z\ace\release\@ace\addons
[2019-11-24 08:40:54] [INFO] pboProject return code == 0
[2019-11-24 08:40:54] [INFO] Signing with P:\private_keys\ace_3.12.6.43-829240a9.biprivatekey.
[2019-11-24 08:40:55] [INFO] 
[2019-11-24 08:40:55] [INFO] Making gforces-----------------------------------------------------
[2019-11-24 08:40:55] [INFO] Missing PBO file ace_gforces.pbo. Building...
[2019-11-24 08:40:55] [INFO] Building: P:\z\ace\addons\gforces
[2019-11-24 08:40:55] [INFO] Destination: P:\z\ace\release\@ace\addons
[2019-11-24 08:40:56] [INFO] pboProject return code == 0
[2019-11-24 08:40:56] [INFO] Signing with P:\private_keys\ace_3.12.6.43-829240a9.biprivatekey.
[2019-11-24 08:40:56] [INFO] 
[2019-11-24 08:40:56] [INFO] Making goggles-----------------------------------------------------
[2019-11-24 08:40:57] [INFO] Missing PBO file ace_goggles.pbo. Building...
[2019-11-24 08:40:57] [INFO] Building: P:\z\ace\addons\goggles
[2019-11-24 08:40:57] [INFO] Destination: P:\z\ace\release\@ace\addons
[2019-11-24 08:41:15] [INFO] pboProject return code == 0
[2019-11-24 08:41:15] [INFO] Signing with P:\private_keys\ace_3.12.6.43-829240a9.biprivatekey.
[2019-11-24 08:41:15] [INFO] 
[2019-11-24 08:41:15] [INFO] Making grenades----------------------------------------------------
[2019-11-24 08:41:17] [INFO] Missing PBO file ace_grenades.pbo. Building...
[2019-11-24 08:41:17] [INFO] Building: P:\z\ace\addons\grenades
[2019-11-24 08:41:17] [INFO] Destination: P:\z\ace\release\@ace\addons
[2019-11-24 08:41:37] [INFO] pboProject return code == 0
[2019-11-24 08:41:37] [INFO] Signing with P:\private_keys\ace_3.12.6.43-829240a9.biprivatekey.
[2019-11-24 08:41:37] [INFO] 
[2019-11-24 08:41:37] [INFO] Making gunbag------------------------------------------------------
[2019-11-24 08:41:39] [INFO] Missing PBO file ace_gunbag.pbo. Building...
[2019-11-24 08:41:39] [INFO] Building: P:\z\ace\addons\gunbag
[2019-11-24 08:41:39] [INFO] Destination: P:\z\ace\release\@ace\addons
[2019-11-24 08:42:40] [INFO] pboProject return code == 0
[2019-11-24 08:42:40] [INFO] Signing with P:\private_keys\ace_3.12.6.43-829240a9.biprivatekey.
[2019-11-24 08:42:41] [INFO] 
[2019-11-24 08:42:41] [INFO] Making hearing-----------------------------------------------------
[2019-11-24 08:42:42] [INFO] Missing PBO file ace_hearing.pbo. Building...
[2019-11-24 08:42:42] [INFO] Building: P:\z\ace\addons\hearing
[2019-11-24 08:42:42] [INFO] Destination: P:\z\ace\release\@ace\addons
[2019-11-24 08:42:59] [INFO] pboProject return code == 0
[2019-11-24 08:42:59] [INFO] Signing with P:\private_keys\ace_3.12.6.43-829240a9.biprivatekey.
[2019-11-24 08:43:00] [INFO] 
[2019-11-24 08:43:00] [INFO] Making hellfire----------------------------------------------------
[2019-11-24 08:43:00] [INFO] Missing PBO file ace_hellfire.pbo. Building...
[2019-11-24 08:43:00] [INFO] Building: P:\z\ace\addons\hellfire
[2019-11-24 08:43:00] [INFO] Destination: P:\z\ace\release\@ace\addons
[2019-11-24 08:43:02] [INFO] pboProject return code == 0
[2019-11-24 08:43:02] [INFO] Signing with P:\private_keys\ace_3.12.6.43-829240a9.biprivatekey.
[2019-11-24 08:43:02] [INFO] 
[2019-11-24 08:43:02] [INFO] Making hitreactions------------------------------------------------
[2019-11-24 08:43:02] [INFO] Missing PBO file ace_hitreactions.pbo. Building...
[2019-11-24 08:43:02] [INFO] Building: P:\z\ace\addons\hitreactions
[2019-11-24 08:43:02] [INFO] Destination: P:\z\ace\release\@ace\addons
[2019-11-24 08:43:04] [INFO] pboProject return code == 0
[2019-11-24 08:43:04] [INFO] Signing with P:\private_keys\ace_3.12.6.43-829240a9.biprivatekey.
[2019-11-24 08:43:05] [INFO] 
[2019-11-24 08:43:05] [INFO] Making hot---------------------------------------------------------
[2019-11-24 08:43:05] [INFO] Missing PBO file ace_hot.pbo. Building...
[2019-11-24 08:43:05] [INFO] Building: P:\z\ace\addons\hot
[2019-11-24 08:43:05] [INFO] Destination: P:\z\ace\release\@ace\addons
[2019-11-24 08:43:07] [INFO] pboProject return code == 0
[2019-11-24 08:43:07] [INFO] Signing with P:\private_keys\ace_3.12.6.43-829240a9.biprivatekey.
[2019-11-24 08:43:07] [INFO] 
[2019-11-24 08:43:07] [INFO] Making huntir------------------------------------------------------
[2019-11-24 08:43:08] [INFO] Missing PBO file ace_huntir.pbo. Building...
[2019-11-24 08:43:08] [INFO] Building: P:\z\ace\addons\huntir
[2019-11-24 08:43:08] [INFO] Destination: P:\z\ace\release\@ace\addons
[2019-11-24 08:44:06] [INFO] pboProject return code == 0
[2019-11-24 08:44:06] [INFO] Signing with P:\private_keys\ace_3.12.6.43-829240a9.biprivatekey.
[2019-11-24 08:44:06] [INFO] 
[2019-11-24 08:44:06] [INFO] Making interaction-------------------------------------------------
[2019-11-24 08:44:07] [INFO] Missing PBO file ace_interaction.pbo. Building...
[2019-11-24 08:44:07] [INFO] Building: P:\z\ace\addons\interaction
[2019-11-24 08:44:07] [INFO] Destination: P:\z\ace\release\@ace\addons
[2019-11-24 08:44:10] [INFO] pboProject return code == 0
[2019-11-24 08:44:10] [INFO] Signing with P:\private_keys\ace_3.12.6.43-829240a9.biprivatekey.
[2019-11-24 08:44:10] [INFO] 
[2019-11-24 08:44:10] [INFO] Making interact_menu-----------------------------------------------
[2019-11-24 08:44:11] [INFO] Missing PBO file ace_interact_menu.pbo. Building...
[2019-11-24 08:44:11] [INFO] Building: P:\z\ace\addons\interact_menu
[2019-11-24 08:44:11] [INFO] Destination: P:\z\ace\release\@ace\addons
[2019-11-24 08:44:17] [INFO] pboProject return code == 0
[2019-11-24 08:44:17] [INFO] Signing with P:\private_keys\ace_3.12.6.43-829240a9.biprivatekey.
[2019-11-24 08:44:17] [INFO] 
[2019-11-24 08:44:17] [INFO] Making inventory---------------------------------------------------
[2019-11-24 08:44:18] [INFO] Missing PBO file ace_inventory.pbo. Building...
[2019-11-24 08:44:18] [INFO] Building: P:\z\ace\addons\inventory
[2019-11-24 08:44:18] [INFO] Destination: P:\z\ace\release\@ace\addons
[2019-11-24 08:44:19] [INFO] pboProject return code == 0
[2019-11-24 08:44:19] [INFO] Signing with P:\private_keys\ace_3.12.6.43-829240a9.biprivatekey.
[2019-11-24 08:44:19] [INFO] 
[2019-11-24 08:44:19] [INFO] Making javelin-----------------------------------------------------
[2019-11-24 08:44:19] [INFO] Missing PBO file ace_javelin.pbo. Building...
[2019-11-24 08:44:19] [INFO] Building: P:\z\ace\addons\javelin
[2019-11-24 08:44:19] [INFO] Destination: P:\z\ace\release\@ace\addons
[2019-11-24 08:44:53] [INFO] pboProject return code == 0
[2019-11-24 08:44:53] [INFO] Signing with P:\private_keys\ace_3.12.6.43-829240a9.biprivatekey.
[2019-11-24 08:44:54] [INFO] 
[2019-11-24 08:44:54] [INFO] Making kestrel4500-------------------------------------------------
[2019-11-24 08:44:55] [INFO] Missing PBO file ace_kestrel4500.pbo. Building...
[2019-11-24 08:44:55] [INFO] Building: P:\z\ace\addons\kestrel4500
[2019-11-24 08:44:55] [INFO] Destination: P:\z\ace\release\@ace\addons
[2019-11-24 08:45:15] [INFO] pboProject return code == 0
[2019-11-24 08:45:15] [INFO] Signing with P:\private_keys\ace_3.12.6.43-829240a9.biprivatekey.
[2019-11-24 08:45:15] [INFO] 
[2019-11-24 08:45:15] [INFO] Making laser-------------------------------------------------------
[2019-11-24 08:45:16] [INFO] Missing PBO file ace_laser.pbo. Building...
[2019-11-24 08:45:16] [INFO] Building: P:\z\ace\addons\laser
[2019-11-24 08:45:16] [INFO] Destination: P:\z\ace\release\@ace\addons
[2019-11-24 08:45:18] [INFO] pboProject return code == 0
[2019-11-24 08:45:18] [INFO] Signing with P:\private_keys\ace_3.12.6.43-829240a9.biprivatekey.
[2019-11-24 08:45:19] [INFO] 
[2019-11-24 08:45:19] [INFO] Making laserpointer------------------------------------------------
[2019-11-24 08:45:19] [INFO] Missing PBO file ace_laserpointer.pbo. Building...
[2019-11-24 08:45:19] [INFO] Building: P:\z\ace\addons\laserpointer
[2019-11-24 08:45:19] [INFO] Destination: P:\z\ace\release\@ace\addons
[2019-11-24 08:45:21] [INFO] pboProject return code == 0
[2019-11-24 08:45:21] [INFO] Signing with P:\private_keys\ace_3.12.6.43-829240a9.biprivatekey.
[2019-11-24 08:45:21] [INFO] 
[2019-11-24 08:45:21] [INFO] Making logistics_uavbattery----------------------------------------
[2019-11-24 08:45:21] [INFO] Missing PBO file ace_logistics_uavbattery.pbo. Building...
[2019-11-24 08:45:21] [INFO] Building: P:\z\ace\addons\logistics_uavbattery
[2019-11-24 08:45:21] [INFO] Destination: P:\z\ace\release\@ace\addons
[2019-11-24 08:45:30] [INFO] pboProject return code == 0
[2019-11-24 08:45:30] [INFO] Signing with P:\private_keys\ace_3.12.6.43-829240a9.biprivatekey.
[2019-11-24 08:45:30] [INFO] 
[2019-11-24 08:45:30] [INFO] Making logistics_wirecutter----------------------------------------
[2019-11-24 08:45:30] [INFO] Missing PBO file ace_logistics_wirecutter.pbo. Building...
[2019-11-24 08:45:30] [INFO] Building: P:\z\ace\addons\logistics_wirecutter
[2019-11-24 08:45:30] [INFO] Destination: P:\z\ace\release\@ace\addons
[2019-11-24 08:45:45] [INFO] pboProject return code == 0
[2019-11-24 08:45:45] [INFO] Signing with P:\private_keys\ace_3.12.6.43-829240a9.biprivatekey.
[2019-11-24 08:45:45] [INFO] 
[2019-11-24 08:45:45] [INFO] Making magazinerepack----------------------------------------------
[2019-11-24 08:45:46] [INFO] Missing PBO file ace_magazinerepack.pbo. Building...
[2019-11-24 08:45:46] [INFO] Building: P:\z\ace\addons\magazinerepack
[2019-11-24 08:45:46] [INFO] Destination: P:\z\ace\release\@ace\addons
[2019-11-24 08:45:47] [INFO] pboProject return code == 0
[2019-11-24 08:45:47] [INFO] Signing with P:\private_keys\ace_3.12.6.43-829240a9.biprivatekey.
[2019-11-24 08:45:47] [INFO] 
[2019-11-24 08:45:47] [INFO] Making main--------------------------------------------------------
[2019-11-24 08:45:47] [INFO] Missing PBO file ace_main.pbo. Building...
[2019-11-24 08:45:47] [INFO] Building: P:\z\ace\addons\main
[2019-11-24 08:45:47] [INFO] Destination: P:\z\ace\release\@ace\addons
[2019-11-24 08:45:50] [INFO] pboProject return code == 0
[2019-11-24 08:45:50] [INFO] Signing with P:\private_keys\ace_3.12.6.43-829240a9.biprivatekey.
[2019-11-24 08:45:50] [INFO] 
[2019-11-24 08:45:50] [INFO] Making map---------------------------------------------------------
[2019-11-24 08:45:51] [INFO] Missing PBO file ace_map.pbo. Building...
[2019-11-24 08:45:51] [INFO] Building: P:\z\ace\addons\map
[2019-11-24 08:45:51] [INFO] Destination: P:\z\ace\release\@ace\addons
[2019-11-24 08:45:52] [INFO] pboProject return code == 0
[2019-11-24 08:45:52] [INFO] Signing with P:\private_keys\ace_3.12.6.43-829240a9.biprivatekey.
[2019-11-24 08:45:52] [INFO] 
[2019-11-24 08:45:52] [INFO] Making maptools----------------------------------------------------
[2019-11-24 08:45:53] [INFO] Missing PBO file ace_maptools.pbo. Building...
[2019-11-24 08:45:53] [INFO] Building: P:\z\ace\addons\maptools
[2019-11-24 08:45:53] [INFO] Destination: P:\z\ace\release\@ace\addons
[2019-11-24 08:46:12] [INFO] pboProject return code == 0
[2019-11-24 08:46:12] [INFO] Signing with P:\private_keys\ace_3.12.6.43-829240a9.biprivatekey.
[2019-11-24 08:46:12] [INFO] 
[2019-11-24 08:46:12] [INFO] Making map_gestures------------------------------------------------
[2019-11-24 08:46:12] [INFO] Missing PBO file ace_map_gestures.pbo. Building...
[2019-11-24 08:46:12] [INFO] Building: P:\z\ace\addons\map_gestures
[2019-11-24 08:46:12] [INFO] Destination: P:\z\ace\release\@ace\addons
[2019-11-24 08:46:14] [INFO] pboProject return code == 0
[2019-11-24 08:46:14] [INFO] Signing with P:\private_keys\ace_3.12.6.43-829240a9.biprivatekey.
[2019-11-24 08:46:14] [INFO] 
[2019-11-24 08:46:14] [INFO] Making markers-----------------------------------------------------
[2019-11-24 08:46:14] [INFO] Missing PBO file ace_markers.pbo. Building...
[2019-11-24 08:46:14] [INFO] Building: P:\z\ace\addons\markers
[2019-11-24 08:46:14] [INFO] Destination: P:\z\ace\release\@ace\addons
[2019-11-24 08:46:15] [INFO] pboProject return code == 0
[2019-11-24 08:46:15] [INFO] Signing with P:\private_keys\ace_3.12.6.43-829240a9.biprivatekey.
[2019-11-24 08:46:16] [INFO] 
[2019-11-24 08:46:16] [INFO] Making maverick----------------------------------------------------
[2019-11-24 08:46:16] [INFO] Missing PBO file ace_maverick.pbo. Building...
[2019-11-24 08:46:16] [INFO] Building: P:\z\ace\addons\maverick
[2019-11-24 08:46:16] [INFO] Destination: P:\z\ace\release\@ace\addons
[2019-11-24 08:46:18] [INFO] pboProject return code == 0
[2019-11-24 08:46:18] [INFO] Signing with P:\private_keys\ace_3.12.6.43-829240a9.biprivatekey.
[2019-11-24 08:46:18] [INFO] 
[2019-11-24 08:46:18] [INFO] Making medical-----------------------------------------------------
[2019-11-24 08:46:19] [INFO] Missing PBO file ace_medical.pbo. Building...
[2019-11-24 08:46:19] [INFO] Building: P:\z\ace\addons\medical
[2019-11-24 08:46:19] [INFO] Destination: P:\z\ace\release\@ace\addons
[2019-11-24 08:46:21] [INFO] pboProject return code == 0
[2019-11-24 08:46:21] [INFO] Signing with P:\private_keys\ace_3.12.6.43-829240a9.biprivatekey.
[2019-11-24 08:46:21] [INFO] 
[2019-11-24 08:46:21] [INFO] Making medical_ai--------------------------------------------------
[2019-11-24 08:46:22] [INFO] Missing PBO file ace_medical_ai.pbo. Building...
[2019-11-24 08:46:22] [INFO] Building: P:\z\ace\addons\medical_ai
[2019-11-24 08:46:22] [INFO] Destination: P:\z\ace\release\@ace\addons
[2019-11-24 08:46:23] [INFO] pboProject return code == 0
[2019-11-24 08:46:23] [INFO] Signing with P:\private_keys\ace_3.12.6.43-829240a9.biprivatekey.
[2019-11-24 08:46:24] [INFO] 
[2019-11-24 08:46:24] [INFO] Making medical_blood-----------------------------------------------
[2019-11-24 08:46:24] [INFO] Missing PBO file ace_medical_blood.pbo. Building...
[2019-11-24 08:46:24] [INFO] Building: P:\z\ace\addons\medical_blood
[2019-11-24 08:46:24] [INFO] Destination: P:\z\ace\release\@ace\addons
[2019-11-24 08:46:34] [INFO] pboProject return code == 0
[2019-11-24 08:46:34] [INFO] Signing with P:\private_keys\ace_3.12.6.43-829240a9.biprivatekey.
[2019-11-24 08:46:34] [INFO] 
[2019-11-24 08:46:34] [INFO] Making medical_damage----------------------------------------------
[2019-11-24 08:46:34] [INFO] Missing PBO file ace_medical_damage.pbo. Building...
[2019-11-24 08:46:34] [INFO] Building: P:\z\ace\addons\medical_damage
[2019-11-24 08:46:34] [INFO] Destination: P:\z\ace\release\@ace\addons
[2019-11-24 08:46:35] [INFO] pboProject return code == 0
[2019-11-24 08:46:35] [INFO] Signing with P:\private_keys\ace_3.12.6.43-829240a9.biprivatekey.
[2019-11-24 08:46:35] [INFO] 
[2019-11-24 08:46:35] [INFO] Making medical_engine----------------------------------------------
[2019-11-24 08:46:36] [INFO] Missing PBO file ace_medical_engine.pbo. Building...
[2019-11-24 08:46:36] [INFO] Building: P:\z\ace\addons\medical_engine
[2019-11-24 08:46:36] [INFO] Destination: P:\z\ace\release\@ace\addons
[2019-11-24 08:46:38] [INFO] pboProject return code == 0
[2019-11-24 08:46:38] [INFO] Signing with P:\private_keys\ace_3.12.6.43-829240a9.biprivatekey.
[2019-11-24 08:46:38] [INFO] 
[2019-11-24 08:46:38] [INFO] Making medical_feedback--------------------------------------------
[2019-11-24 08:46:39] [INFO] Missing PBO file ace_medical_feedback.pbo. Building...
[2019-11-24 08:46:39] [INFO] Building: P:\z\ace\addons\medical_feedback
[2019-11-24 08:46:39] [INFO] Destination: P:\z\ace\release\@ace\addons
[2019-11-24 08:46:43] [INFO] pboProject return code == 0
[2019-11-24 08:46:43] [INFO] Signing with P:\private_keys\ace_3.12.6.43-829240a9.biprivatekey.
[2019-11-24 08:46:43] [INFO] 
[2019-11-24 08:46:43] [INFO] Making medical_gui-------------------------------------------------
[2019-11-24 08:46:45] [INFO] Missing PBO file ace_medical_gui.pbo. Building...
[2019-11-24 08:46:45] [INFO] Building: P:\z\ace\addons\medical_gui
[2019-11-24 08:46:45] [INFO] Destination: P:\z\ace\release\@ace\addons
[2019-11-24 08:46:48] [INFO] pboProject return code == 0
[2019-11-24 08:46:48] [INFO] Signing with P:\private_keys\ace_3.12.6.43-829240a9.biprivatekey.
[2019-11-24 08:46:49] [INFO] 
[2019-11-24 08:46:49] [INFO] Making medical_statemachine----------------------------------------
[2019-11-24 08:46:49] [INFO] Missing PBO file ace_medical_statemachine.pbo. Building...
[2019-11-24 08:46:49] [INFO] Building: P:\z\ace\addons\medical_statemachine
[2019-11-24 08:46:49] [INFO] Destination: P:\z\ace\release\@ace\addons
[2019-11-24 08:46:52] [INFO] pboProject return code == 0
[2019-11-24 08:46:52] [INFO] Signing with P:\private_keys\ace_3.12.6.43-829240a9.biprivatekey.
[2019-11-24 08:46:52] [INFO] 
[2019-11-24 08:46:52] [INFO] Making medical_status----------------------------------------------
[2019-11-24 08:46:52] [INFO] Missing PBO file ace_medical_status.pbo. Building...
[2019-11-24 08:46:52] [INFO] Building: P:\z\ace\addons\medical_status
[2019-11-24 08:46:52] [INFO] Destination: P:\z\ace\release\@ace\addons
[2019-11-24 08:46:53] [INFO] pboProject return code == 0
[2019-11-24 08:46:53] [INFO] Signing with P:\private_keys\ace_3.12.6.43-829240a9.biprivatekey.
[2019-11-24 08:46:53] [INFO] 
[2019-11-24 08:46:53] [INFO] Making medical_treatment-------------------------------------------
[2019-11-24 08:46:59] [INFO] Missing PBO file ace_medical_treatment.pbo. Building...
[2019-11-24 08:46:59] [INFO] Building: P:\z\ace\addons\medical_treatment
[2019-11-24 08:46:59] [INFO] Destination: P:\z\ace\release\@ace\addons
[2019-11-24 08:48:34] [INFO] pboProject return code == 0
[2019-11-24 08:48:34] [INFO] Signing with P:\private_keys\ace_3.12.6.43-829240a9.biprivatekey.
[2019-11-24 08:48:36] [INFO] 
[2019-11-24 08:48:36] [INFO] Making medical_vitals----------------------------------------------
[2019-11-24 08:48:36] [INFO] Missing PBO file ace_medical_vitals.pbo. Building...
[2019-11-24 08:48:36] [INFO] Building: P:\z\ace\addons\medical_vitals
[2019-11-24 08:48:36] [INFO] Destination: P:\z\ace\release\@ace\addons
[2019-11-24 08:48:39] [INFO] pboProject return code == 0
[2019-11-24 08:48:39] [INFO] Signing with P:\private_keys\ace_3.12.6.43-829240a9.biprivatekey.
[2019-11-24 08:48:39] [INFO] 
[2019-11-24 08:48:39] [INFO] Making microdagr---------------------------------------------------
[2019-11-24 08:48:41] [INFO] Missing PBO file ace_microdagr.pbo. Building...
[2019-11-24 08:48:41] [INFO] Building: P:\z\ace\addons\microdagr
[2019-11-24 08:48:41] [INFO] Destination: P:\z\ace\release\@ace\addons
[2019-11-24 08:49:07] [INFO] pboProject return code == 0
[2019-11-24 08:49:07] [INFO] Signing with P:\private_keys\ace_3.12.6.43-829240a9.biprivatekey.
[2019-11-24 08:49:08] [INFO] 
[2019-11-24 08:49:08] [INFO] Making minedetector------------------------------------------------
[2019-11-24 08:49:09] [INFO] Missing PBO file ace_minedetector.pbo. Building...
[2019-11-24 08:49:09] [INFO] Building: P:\z\ace\addons\minedetector
[2019-11-24 08:49:09] [INFO] Destination: P:\z\ace\release\@ace\addons
[2019-11-24 08:49:31] [INFO] pboProject return code == 0
[2019-11-24 08:49:31] [INFO] Signing with P:\private_keys\ace_3.12.6.43-829240a9.biprivatekey.
[2019-11-24 08:49:31] [INFO] 
[2019-11-24 08:49:31] [INFO] Making missileguidance---------------------------------------------
[2019-11-24 08:49:32] [INFO] Missing PBO file ace_missileguidance.pbo. Building...
[2019-11-24 08:49:32] [INFO] Building: P:\z\ace\addons\missileguidance
[2019-11-24 08:49:32] [INFO] Destination: P:\z\ace\release\@ace\addons
[2019-11-24 08:49:33] [INFO] pboProject return code == 0
[2019-11-24 08:49:33] [INFO] Signing with P:\private_keys\ace_3.12.6.43-829240a9.biprivatekey.
[2019-11-24 08:49:34] [INFO] 
[2019-11-24 08:49:34] [INFO] Making missionmodules----------------------------------------------
[2019-11-24 08:49:34] [INFO] Missing PBO file ace_missionmodules.pbo. Building...
[2019-11-24 08:49:34] [INFO] Building: P:\z\ace\addons\missionmodules
[2019-11-24 08:49:34] [INFO] Destination: P:\z\ace\release\@ace\addons
[2019-11-24 08:49:36] [INFO] pboProject return code == 0
[2019-11-24 08:49:36] [INFO] Signing with P:\private_keys\ace_3.12.6.43-829240a9.biprivatekey.
[2019-11-24 08:49:36] [INFO] 
[2019-11-24 08:49:36] [INFO] Making mk6mortar---------------------------------------------------
[2019-11-24 08:49:37] [INFO] Missing PBO file ace_mk6mortar.pbo. Building...
[2019-11-24 08:49:37] [INFO] Building: P:\z\ace\addons\mk6mortar
[2019-11-24 08:49:37] [INFO] Destination: P:\z\ace\release\@ace\addons
[2019-11-24 08:49:54] [INFO] pboProject return code == 0
[2019-11-24 08:49:54] [INFO] Signing with P:\private_keys\ace_3.12.6.43-829240a9.biprivatekey.
[2019-11-24 08:49:54] [INFO] 
[2019-11-24 08:49:54] [INFO] Making modules-----------------------------------------------------
[2019-11-24 08:49:54] [INFO] Missing PBO file ace_modules.pbo. Building...
[2019-11-24 08:49:54] [INFO] Building: P:\z\ace\addons\modules
[2019-11-24 08:49:54] [INFO] Destination: P:\z\ace\release\@ace\addons
[2019-11-24 08:49:56] [INFO] pboProject return code == 0
[2019-11-24 08:49:56] [INFO] Signing with P:\private_keys\ace_3.12.6.43-829240a9.biprivatekey.
[2019-11-24 08:49:56] [INFO] 
[2019-11-24 08:49:56] [INFO] Making movement----------------------------------------------------
[2019-11-24 08:49:57] [INFO] Missing PBO file ace_movement.pbo. Building...
[2019-11-24 08:49:57] [INFO] Building: P:\z\ace\addons\movement
[2019-11-24 08:49:57] [INFO] Destination: P:\z\ace\release\@ace\addons
[2019-11-24 08:49:58] [INFO] pboProject return code == 0
[2019-11-24 08:49:58] [INFO] Signing with P:\private_keys\ace_3.12.6.43-829240a9.biprivatekey.
[2019-11-24 08:49:59] [INFO] 
[2019-11-24 08:49:59] [INFO] Making mx2a--------------------------------------------------------
[2019-11-24 08:49:59] [INFO] Missing PBO file ace_mx2a.pbo. Building...
[2019-11-24 08:49:59] [INFO] Building: P:\z\ace\addons\mx2a
[2019-11-24 08:49:59] [INFO] Destination: P:\z\ace\release\@ace\addons
[2019-11-24 08:50:10] [INFO] pboProject return code == 0
[2019-11-24 08:50:10] [INFO] Signing with P:\private_keys\ace_3.12.6.43-829240a9.biprivatekey.
[2019-11-24 08:50:10] [INFO] 
[2019-11-24 08:50:10] [INFO] Making nametags----------------------------------------------------
[2019-11-24 08:50:12] [INFO] Missing PBO file ace_nametags.pbo. Building...
[2019-11-24 08:50:12] [INFO] Building: P:\z\ace\addons\nametags
[2019-11-24 08:50:12] [INFO] Destination: P:\z\ace\release\@ace\addons
[2019-11-24 08:50:14] [INFO] pboProject return code == 0
[2019-11-24 08:50:14] [INFO] Signing with P:\private_keys\ace_3.12.6.43-829240a9.biprivatekey.
[2019-11-24 08:50:14] [INFO] 
[2019-11-24 08:50:14] [INFO] Making nightvision-------------------------------------------------
[2019-11-24 08:50:15] [INFO] Missing PBO file ace_nightvision.pbo. Building...
[2019-11-24 08:50:15] [INFO] Building: P:\z\ace\addons\nightvision
[2019-11-24 08:50:15] [INFO] Destination: P:\z\ace\release\@ace\addons
[2019-11-24 08:50:54] [INFO] pboProject return code == 0
[2019-11-24 08:50:54] [INFO] Signing with P:\private_keys\ace_3.12.6.43-829240a9.biprivatekey.
[2019-11-24 08:50:55] [INFO] 
[2019-11-24 08:50:55] [INFO] Making nlaw--------------------------------------------------------
[2019-11-24 08:50:55] [INFO] Missing PBO file ace_nlaw.pbo. Building...
[2019-11-24 08:50:55] [INFO] Building: P:\z\ace\addons\nlaw
[2019-11-24 08:50:55] [INFO] Destination: P:\z\ace\release\@ace\addons
[2019-11-24 08:50:56] [INFO] pboProject return code == 0
[2019-11-24 08:50:56] [INFO] Signing with P:\private_keys\ace_3.12.6.43-829240a9.biprivatekey.
[2019-11-24 08:50:57] [INFO] 
[2019-11-24 08:50:57] [INFO] Making noactionmenu------------------------------------------------
[2019-11-24 08:50:57] [INFO] Missing PBO file ace_noactionmenu.pbo. Building...
[2019-11-24 08:50:57] [INFO] Building: P:\z\ace\addons\noactionmenu
[2019-11-24 08:50:57] [INFO] Destination: P:\z\ace\release\@ace\addons
[2019-11-24 08:50:58] [INFO] pboProject return code == 0
[2019-11-24 08:50:58] [INFO] Signing with P:\private_keys\ace_3.12.6.43-829240a9.biprivatekey.
[2019-11-24 08:50:58] [INFO] 
[2019-11-24 08:50:58] [INFO] Making nocrosshair-------------------------------------------------
[2019-11-24 08:50:59] [INFO] Missing PBO file ace_nocrosshair.pbo. Building...
[2019-11-24 08:50:59] [INFO] Building: P:\z\ace\addons\nocrosshair
[2019-11-24 08:50:59] [INFO] Destination: P:\z\ace\release\@ace\addons
[2019-11-24 08:51:00] [INFO] pboProject return code == 0
[2019-11-24 08:51:00] [INFO] Signing with P:\private_keys\ace_3.12.6.43-829240a9.biprivatekey.
[2019-11-24 08:51:00] [INFO] 
[2019-11-24 08:51:00] [INFO] Making noidle------------------------------------------------------
[2019-11-24 08:51:01] [INFO] Missing PBO file ace_noidle.pbo. Building...
[2019-11-24 08:51:01] [INFO] Building: P:\z\ace\addons\noidle
[2019-11-24 08:51:01] [INFO] Destination: P:\z\ace\release\@ace\addons
[2019-11-24 08:51:02] [INFO] pboProject return code == 0
[2019-11-24 08:51:02] [INFO] Signing with P:\private_keys\ace_3.12.6.43-829240a9.biprivatekey.
[2019-11-24 08:51:02] [INFO] 
[2019-11-24 08:51:02] [INFO] Making noradio-----------------------------------------------------
[2019-11-24 08:51:03] [INFO] Missing PBO file ace_noradio.pbo. Building...
[2019-11-24 08:51:03] [INFO] Building: P:\z\ace\addons\noradio
[2019-11-24 08:51:03] [INFO] Destination: P:\z\ace\release\@ace\addons
[2019-11-24 08:51:04] [INFO] pboProject return code == 0
[2019-11-24 08:51:04] [INFO] Signing with P:\private_keys\ace_3.12.6.43-829240a9.biprivatekey.
[2019-11-24 08:51:04] [INFO] 
[2019-11-24 08:51:04] [INFO] Making norearm-----------------------------------------------------
[2019-11-24 08:51:04] [INFO] Missing PBO file ace_norearm.pbo. Building...
[2019-11-24 08:51:04] [INFO] Building: P:\z\ace\addons\norearm
[2019-11-24 08:51:04] [INFO] Destination: P:\z\ace\release\@ace\addons
[2019-11-24 08:51:05] [INFO] pboProject return code == 0
[2019-11-24 08:51:05] [INFO] Signing with P:\private_keys\ace_3.12.6.43-829240a9.biprivatekey.
[2019-11-24 08:51:05] [INFO] 
[2019-11-24 08:51:05] [INFO] Making nouniformrestrictions---------------------------------------
[2019-11-24 08:51:05] [INFO] Missing PBO file ace_nouniformrestrictions.pbo. Building...
[2019-11-24 08:51:05] [INFO] Building: P:\z\ace\addons\nouniformrestrictions
[2019-11-24 08:51:05] [INFO] Destination: P:\z\ace\release\@ace\addons
[2019-11-24 08:51:06] [INFO] pboProject return code == 0
[2019-11-24 08:51:06] [INFO] Signing with P:\private_keys\ace_3.12.6.43-829240a9.biprivatekey.
[2019-11-24 08:51:06] [INFO] 
[2019-11-24 08:51:06] [INFO] Making optics------------------------------------------------------
[2019-11-24 08:51:08] [INFO] Missing PBO file ace_optics.pbo. Building...
[2019-11-24 08:51:08] [INFO] Building: P:\z\ace\addons\optics
[2019-11-24 08:51:08] [INFO] Destination: P:\z\ace\release\@ace\addons
[2019-11-24 08:51:28] [INFO] pboProject return code == 0
[2019-11-24 08:51:28] [INFO] Signing with P:\private_keys\ace_3.12.6.43-829240a9.biprivatekey.
[2019-11-24 08:51:28] [INFO] 
[2019-11-24 08:51:28] [INFO] Making optionsmenu-------------------------------------------------
[2019-11-24 08:51:28] [INFO] Missing PBO file ace_optionsmenu.pbo. Building...
[2019-11-24 08:51:28] [INFO] Building: P:\z\ace\addons\optionsmenu
[2019-11-24 08:51:28] [INFO] Destination: P:\z\ace\release\@ace\addons
[2019-11-24 08:51:32] [INFO] pboProject return code == 0
[2019-11-24 08:51:32] [INFO] Signing with P:\private_keys\ace_3.12.6.43-829240a9.biprivatekey.
[2019-11-24 08:51:32] [INFO] 
[2019-11-24 08:51:32] [INFO] Making overheating-------------------------------------------------
[2019-11-24 08:51:33] [INFO] Missing PBO file ace_overheating.pbo. Building...
[2019-11-24 08:51:33] [INFO] Building: P:\z\ace\addons\overheating
[2019-11-24 08:51:33] [INFO] Destination: P:\z\ace\release\@ace\addons
[2019-11-24 08:51:35] [INFO] pboProject return code == 0
[2019-11-24 08:51:35] [INFO] Signing with P:\private_keys\ace_3.12.6.43-829240a9.biprivatekey.
[2019-11-24 08:51:35] [INFO] 
[2019-11-24 08:51:35] [INFO] Making overpressure------------------------------------------------
[2019-11-24 08:51:35] [INFO] Missing PBO file ace_overpressure.pbo. Building...
[2019-11-24 08:51:35] [INFO] Building: P:\z\ace\addons\overpressure
[2019-11-24 08:51:35] [INFO] Destination: P:\z\ace\release\@ace\addons
[2019-11-24 08:51:37] [INFO] pboProject return code == 0
[2019-11-24 08:51:37] [INFO] Signing with P:\private_keys\ace_3.12.6.43-829240a9.biprivatekey.
[2019-11-24 08:51:37] [INFO] 
[2019-11-24 08:51:37] [INFO] Making parachute---------------------------------------------------
[2019-11-24 08:51:38] [INFO] Missing PBO file ace_parachute.pbo. Building...
[2019-11-24 08:51:38] [INFO] Building: P:\z\ace\addons\parachute
[2019-11-24 08:51:38] [INFO] Destination: P:\z\ace\release\@ace\addons
[2019-11-24 08:51:39] [INFO] pboProject return code == 0
[2019-11-24 08:51:39] [INFO] Signing with P:\private_keys\ace_3.12.6.43-829240a9.biprivatekey.
[2019-11-24 08:51:39] [INFO] 
[2019-11-24 08:51:39] [INFO] Making particles---------------------------------------------------
[2019-11-24 08:51:40] [INFO] Missing PBO file ace_particles.pbo. Building...
[2019-11-24 08:51:40] [INFO] Building: P:\z\ace\addons\particles
[2019-11-24 08:51:40] [INFO] Destination: P:\z\ace\release\@ace\addons
[2019-11-24 08:51:45] [INFO] pboProject return code == 0
[2019-11-24 08:51:45] [INFO] Signing with P:\private_keys\ace_3.12.6.43-829240a9.biprivatekey.
[2019-11-24 08:51:45] [INFO] 
[2019-11-24 08:51:45] [INFO] Making pylons------------------------------------------------------
[2019-11-24 08:51:45] [INFO] Missing PBO file ace_pylons.pbo. Building...
[2019-11-24 08:51:45] [INFO] Building: P:\z\ace\addons\pylons
[2019-11-24 08:51:45] [INFO] Destination: P:\z\ace\release\@ace\addons
[2019-11-24 08:51:48] [INFO] pboProject return code == 0
[2019-11-24 08:51:48] [INFO] Signing with P:\private_keys\ace_3.12.6.43-829240a9.biprivatekey.
[2019-11-24 08:51:48] [INFO] 
[2019-11-24 08:51:48] [INFO] Making quickmount--------------------------------------------------
[2019-11-24 08:51:49] [INFO] Missing PBO file ace_quickmount.pbo. Building...
[2019-11-24 08:51:49] [INFO] Building: P:\z\ace\addons\quickmount
[2019-11-24 08:51:49] [INFO] Destination: P:\z\ace\release\@ace\addons
[2019-11-24 08:51:50] [INFO] pboProject return code == 0
[2019-11-24 08:51:50] [INFO] Signing with P:\private_keys\ace_3.12.6.43-829240a9.biprivatekey.
[2019-11-24 08:51:50] [INFO] 
[2019-11-24 08:51:50] [INFO] Making rangecard---------------------------------------------------
[2019-11-24 08:51:50] [INFO] Missing PBO file ace_rangecard.pbo. Building...
[2019-11-24 08:51:50] [INFO] Building: P:\z\ace\addons\rangecard
[2019-11-24 08:51:50] [INFO] Destination: P:\z\ace\release\@ace\addons
[2019-11-24 08:51:52] [INFO] pboProject return code == 0
[2019-11-24 08:51:52] [INFO] Signing with P:\private_keys\ace_3.12.6.43-829240a9.biprivatekey.
[2019-11-24 08:51:52] [INFO] 
[2019-11-24 08:51:52] [INFO] Making realisticnames----------------------------------------------
[2019-11-24 08:51:52] [INFO] Missing PBO file ace_realisticnames.pbo. Building...
[2019-11-24 08:51:53] [INFO] Building: P:\z\ace\addons\realisticnames
[2019-11-24 08:51:53] [INFO] Destination: P:\z\ace\release\@ace\addons
[2019-11-24 08:51:55] [INFO] pboProject return code == 0
[2019-11-24 08:51:55] [INFO] Signing with P:\private_keys\ace_3.12.6.43-829240a9.biprivatekey.
[2019-11-24 08:51:55] [INFO] 
[2019-11-24 08:51:55] [INFO] Making realisticweights--------------------------------------------
[2019-11-24 08:51:55] [INFO] Missing PBO file ace_realisticweights.pbo. Building...
[2019-11-24 08:51:55] [INFO] Building: P:\z\ace\addons\realisticweights
[2019-11-24 08:51:55] [INFO] Destination: P:\z\ace\release\@ace\addons
[2019-11-24 08:51:56] [INFO] pboProject return code == 0
[2019-11-24 08:51:56] [INFO] Signing with P:\private_keys\ace_3.12.6.43-829240a9.biprivatekey.
[2019-11-24 08:51:56] [INFO] 
[2019-11-24 08:51:56] [INFO] Making rearm-------------------------------------------------------
[2019-11-24 08:51:58] [INFO] Missing PBO file ace_rearm.pbo. Building...
[2019-11-24 08:51:58] [INFO] Building: P:\z\ace\addons\rearm
[2019-11-24 08:51:58] [INFO] Destination: P:\z\ace\release\@ace\addons
[2019-11-24 08:51:59] [INFO] pboProject return code == 0
[2019-11-24 08:51:59] [INFO] Signing with P:\private_keys\ace_3.12.6.43-829240a9.biprivatekey.
[2019-11-24 08:51:59] [INFO] 
[2019-11-24 08:51:59] [INFO] Making recoil------------------------------------------------------
[2019-11-24 08:51:59] [INFO] Missing PBO file ace_recoil.pbo. Building...
[2019-11-24 08:51:59] [INFO] Building: P:\z\ace\addons\recoil
[2019-11-24 08:51:59] [INFO] Destination: P:\z\ace\release\@ace\addons
[2019-11-24 08:52:02] [INFO] pboProject return code == 0
[2019-11-24 08:52:02] [INFO] Signing with P:\private_keys\ace_3.12.6.43-829240a9.biprivatekey.
[2019-11-24 08:52:02] [INFO] 
[2019-11-24 08:52:02] [INFO] Making refuel------------------------------------------------------
[2019-11-24 08:52:03] [INFO] Missing PBO file ace_refuel.pbo. Building...
[2019-11-24 08:52:03] [INFO] Building: P:\z\ace\addons\refuel
[2019-11-24 08:52:03] [INFO] Destination: P:\z\ace\release\@ace\addons
[2019-11-24 08:52:22] [INFO] pboProject return code == 0
[2019-11-24 08:52:22] [INFO] Signing with P:\private_keys\ace_3.12.6.43-829240a9.biprivatekey.
[2019-11-24 08:52:22] [INFO] 
[2019-11-24 08:52:22] [INFO] Making reload------------------------------------------------------
[2019-11-24 08:52:22] [INFO] Missing PBO file ace_reload.pbo. Building...
[2019-11-24 08:52:22] [INFO] Building: P:\z\ace\addons\reload
[2019-11-24 08:52:22] [INFO] Destination: P:\z\ace\release\@ace\addons
[2019-11-24 08:52:26] [INFO] pboProject return code == 0
[2019-11-24 08:52:26] [INFO] Signing with P:\private_keys\ace_3.12.6.43-829240a9.biprivatekey.
[2019-11-24 08:52:26] [INFO] 
[2019-11-24 08:52:26] [INFO] Making reloadlaunchers---------------------------------------------
[2019-11-24 08:52:26] [INFO] Missing PBO file ace_reloadlaunchers.pbo. Building...
[2019-11-24 08:52:26] [INFO] Building: P:\z\ace\addons\reloadlaunchers
[2019-11-24 08:52:26] [INFO] Destination: P:\z\ace\release\@ace\addons
[2019-11-24 08:52:28] [INFO] pboProject return code == 0
[2019-11-24 08:52:28] [INFO] Signing with P:\private_keys\ace_3.12.6.43-829240a9.biprivatekey.
[2019-11-24 08:52:28] [INFO] 
[2019-11-24 08:52:28] [INFO] Making repair------------------------------------------------------
[2019-11-24 08:52:29] [INFO] Missing PBO file ace_repair.pbo. Building...
[2019-11-24 08:52:29] [INFO] Building: P:\z\ace\addons\repair
[2019-11-24 08:52:29] [INFO] Destination: P:\z\ace\release\@ace\addons
[2019-11-24 08:53:27] [INFO] pboProject return code == 0
[2019-11-24 08:53:27] [INFO] Signing with P:\private_keys\ace_3.12.6.43-829240a9.biprivatekey.
[2019-11-24 08:53:28] [INFO] 
[2019-11-24 08:53:28] [INFO] Making respawn-----------------------------------------------------
[2019-11-24 08:53:28] [INFO] Missing PBO file ace_respawn.pbo. Building...
[2019-11-24 08:53:28] [INFO] Building: P:\z\ace\addons\respawn
[2019-11-24 08:53:28] [INFO] Destination: P:\z\ace\release\@ace\addons
[2019-11-24 08:53:32] [INFO] pboProject return code == 0
[2019-11-24 08:53:32] [INFO] Signing with P:\private_keys\ace_3.12.6.43-829240a9.biprivatekey.
[2019-11-24 08:53:32] [INFO] 
[2019-11-24 08:53:32] [INFO] Making safemode----------------------------------------------------
[2019-11-24 08:53:32] [INFO] Missing PBO file ace_safemode.pbo. Building...
[2019-11-24 08:53:32] [INFO] Building: P:\z\ace\addons\safemode
[2019-11-24 08:53:32] [INFO] Destination: P:\z\ace\release\@ace\addons
[2019-11-24 08:53:34] [INFO] pboProject return code == 0
[2019-11-24 08:53:34] [INFO] Signing with P:\private_keys\ace_3.12.6.43-829240a9.biprivatekey.
[2019-11-24 08:53:34] [INFO] 
[2019-11-24 08:53:34] [INFO] Making sandbag-----------------------------------------------------
[2019-11-24 08:53:35] [INFO] Missing PBO file ace_sandbag.pbo. Building...
[2019-11-24 08:53:35] [INFO] Building: P:\z\ace\addons\sandbag
[2019-11-24 08:53:35] [INFO] Destination: P:\z\ace\release\@ace\addons
[2019-11-24 08:53:51] [INFO] pboProject return code == 0
[2019-11-24 08:53:51] [INFO] Signing with P:\private_keys\ace_3.12.6.43-829240a9.biprivatekey.
[2019-11-24 08:53:51] [INFO] 
[2019-11-24 08:53:51] [INFO] Making scopes------------------------------------------------------
[2019-11-24 08:53:52] [INFO] Missing PBO file ace_scopes.pbo. Building...
[2019-11-24 08:53:52] [INFO] Building: P:\z\ace\addons\scopes
[2019-11-24 08:53:52] [INFO] Destination: P:\z\ace\release\@ace\addons
[2019-11-24 08:53:53] [INFO] pboProject return code == 0
[2019-11-24 08:53:53] [INFO] Signing with P:\private_keys\ace_3.12.6.43-829240a9.biprivatekey.
[2019-11-24 08:53:53] [INFO] 
[2019-11-24 08:53:53] [INFO] Making slideshow---------------------------------------------------
[2019-11-24 08:53:53] [INFO] Missing PBO file ace_slideshow.pbo. Building...
[2019-11-24 08:53:53] [INFO] Building: P:\z\ace\addons\slideshow
[2019-11-24 08:53:53] [INFO] Destination: P:\z\ace\release\@ace\addons
[2019-11-24 08:53:57] [INFO] pboProject return code == 0
[2019-11-24 08:53:57] [INFO] Signing with P:\private_keys\ace_3.12.6.43-829240a9.biprivatekey.
[2019-11-24 08:53:57] [INFO] 
[2019-11-24 08:53:57] [INFO] Making smallarms---------------------------------------------------
[2019-11-24 08:53:57] [INFO] Missing PBO file ace_smallarms.pbo. Building...
[2019-11-24 08:53:57] [INFO] Building: P:\z\ace\addons\smallarms
[2019-11-24 08:53:57] [INFO] Destination: P:\z\ace\release\@ace\addons
[2019-11-24 08:53:58] [INFO] pboProject return code == 0
[2019-11-24 08:53:58] [INFO] Signing with P:\private_keys\ace_3.12.6.43-829240a9.biprivatekey.
[2019-11-24 08:53:58] [INFO] 
[2019-11-24 08:53:58] [INFO] Making spectator---------------------------------------------------
[2019-11-24 08:54:00] [INFO] Missing PBO file ace_spectator.pbo. Building...
[2019-11-24 08:54:00] [INFO] Building: P:\z\ace\addons\spectator
[2019-11-24 08:54:00] [INFO] Destination: P:\z\ace\release\@ace\addons
[2019-11-24 08:54:02] [INFO] pboProject return code == 0
[2019-11-24 08:54:02] [INFO] Signing with P:\private_keys\ace_3.12.6.43-829240a9.biprivatekey.
[2019-11-24 08:54:02] [INFO] 
[2019-11-24 08:54:02] [INFO] Making spottingscope-----------------------------------------------
[2019-11-24 08:54:04] [INFO] Missing PBO file ace_spottingscope.pbo. Building...
[2019-11-24 08:54:04] [INFO] Building: P:\z\ace\addons\spottingscope
[2019-11-24 08:54:04] [INFO] Destination: P:\z\ace\release\@ace\addons
[2019-11-24 08:55:04] [INFO] pboProject return code == 0
[2019-11-24 08:55:04] [INFO] Signing with P:\private_keys\ace_3.12.6.43-829240a9.biprivatekey.
[2019-11-24 08:55:04] [INFO] 
[2019-11-24 08:55:04] [INFO] Making switchunits-------------------------------------------------
[2019-11-24 08:55:05] [INFO] Missing PBO file ace_switchunits.pbo. Building...
[2019-11-24 08:55:05] [INFO] Building: P:\z\ace\addons\switchunits
[2019-11-24 08:55:05] [INFO] Destination: P:\z\ace\release\@ace\addons
[2019-11-24 08:55:08] [INFO] pboProject return code == 0
[2019-11-24 08:55:08] [INFO] Signing with P:\private_keys\ace_3.12.6.43-829240a9.biprivatekey.
[2019-11-24 08:55:08] [INFO] 
[2019-11-24 08:55:08] [INFO] Making tacticalladder----------------------------------------------
[2019-11-24 08:55:09] [INFO] Missing PBO file ace_tacticalladder.pbo. Building...
[2019-11-24 08:55:09] [INFO] Building: P:\z\ace\addons\tacticalladder
[2019-11-24 08:55:09] [INFO] Destination: P:\z\ace\release\@ace\addons
[2019-11-24 08:55:19] [INFO] pboProject return code == 0
[2019-11-24 08:55:19] [INFO] Signing with P:\private_keys\ace_3.12.6.43-829240a9.biprivatekey.
[2019-11-24 08:55:19] [INFO] 
[2019-11-24 08:55:19] [INFO] Making tagging-----------------------------------------------------
[2019-11-24 08:55:21] [INFO] Missing PBO file ace_tagging.pbo. Building...
[2019-11-24 08:55:21] [INFO] Building: P:\z\ace\addons\tagging
[2019-11-24 08:55:21] [INFO] Destination: P:\z\ace\release\@ace\addons
[2019-11-24 08:55:39] [INFO] pboProject return code == 0
[2019-11-24 08:55:39] [INFO] Signing with P:\private_keys\ace_3.12.6.43-829240a9.biprivatekey.
[2019-11-24 08:55:39] [INFO] 
[2019-11-24 08:55:39] [INFO] Making thermals----------------------------------------------------
[2019-11-24 08:55:39] [INFO] Missing PBO file ace_thermals.pbo. Building...
[2019-11-24 08:55:39] [INFO] Building: P:\z\ace\addons\thermals
[2019-11-24 08:55:39] [INFO] Destination: P:\z\ace\release\@ace\addons
[2019-11-24 08:55:40] [INFO] pboProject return code == 0
[2019-11-24 08:55:40] [INFO] Signing with P:\private_keys\ace_3.12.6.43-829240a9.biprivatekey.
[2019-11-24 08:55:40] [INFO] 
[2019-11-24 08:55:40] [INFO] Making tracers-----------------------------------------------------
[2019-11-24 08:55:41] [INFO] Missing PBO file ace_tracers.pbo. Building...
[2019-11-24 08:55:41] [INFO] Building: P:\z\ace\addons\tracers
[2019-11-24 08:55:41] [INFO] Destination: P:\z\ace\release\@ace\addons
[2019-11-24 08:55:51] [INFO] pboProject return code == 0
[2019-11-24 08:55:51] [INFO] Signing with P:\private_keys\ace_3.12.6.43-829240a9.biprivatekey.
[2019-11-24 08:55:52] [INFO] 
[2019-11-24 08:55:52] [INFO] Making trenches----------------------------------------------------
[2019-11-24 08:55:52] [INFO] Missing PBO file ace_trenches.pbo. Building...
[2019-11-24 08:55:52] [INFO] Building: P:\z\ace\addons\trenches
[2019-11-24 08:55:52] [INFO] Destination: P:\z\ace\release\@ace\addons
[2019-11-24 08:55:54] [INFO] pboProject return code == 0
[2019-11-24 08:55:54] [INFO] Signing with P:\private_keys\ace_3.12.6.43-829240a9.biprivatekey.
[2019-11-24 08:55:54] [INFO] 
[2019-11-24 08:55:54] [INFO] Making tripod------------------------------------------------------
[2019-11-24 08:55:54] [INFO] Missing PBO file ace_tripod.pbo. Building...
[2019-11-24 08:55:54] [INFO] Building: P:\z\ace\addons\tripod
[2019-11-24 08:55:54] [INFO] Destination: P:\z\ace\release\@ace\addons
[2019-11-24 08:56:05] [INFO] pboProject return code == 0
[2019-11-24 08:56:05] [INFO] Signing with P:\private_keys\ace_3.12.6.43-829240a9.biprivatekey.
[2019-11-24 08:56:05] [INFO] 
[2019-11-24 08:56:05] [INFO] Making ui----------------------------------------------------------
[2019-11-24 08:56:05] [INFO] Missing PBO file ace_ui.pbo. Building...
[2019-11-24 08:56:05] [INFO] Building: P:\z\ace\addons\ui
[2019-11-24 08:56:05] [INFO] Destination: P:\z\ace\release\@ace\addons
[2019-11-24 08:56:07] [INFO] pboProject return code == 0
[2019-11-24 08:56:07] [INFO] Signing with P:\private_keys\ace_3.12.6.43-829240a9.biprivatekey.
[2019-11-24 08:56:07] [INFO] 
[2019-11-24 08:56:07] [INFO] Making vector------------------------------------------------------
[2019-11-24 08:56:10] [INFO] Missing PBO file ace_vector.pbo. Building...
[2019-11-24 08:56:10] [INFO] Building: P:\z\ace\addons\vector
[2019-11-24 08:56:10] [INFO] Destination: P:\z\ace\release\@ace\addons
[2019-11-24 08:56:42] [INFO] pboProject return code == 0
[2019-11-24 08:56:42] [INFO] Signing with P:\private_keys\ace_3.12.6.43-829240a9.biprivatekey.
[2019-11-24 08:56:42] [INFO] 
[2019-11-24 08:56:42] [INFO] Making vehiclelock-------------------------------------------------
[2019-11-24 08:56:43] [INFO] Missing PBO file ace_vehiclelock.pbo. Building...
[2019-11-24 08:56:43] [INFO] Building: P:\z\ace\addons\vehiclelock
[2019-11-24 08:56:43] [INFO] Destination: P:\z\ace\release\@ace\addons
[2019-11-24 08:56:44] [INFO] pboProject return code == 0
[2019-11-24 08:56:44] [INFO] Signing with P:\private_keys\ace_3.12.6.43-829240a9.biprivatekey.
[2019-11-24 08:56:45] [INFO] 
[2019-11-24 08:56:45] [INFO] Making vehicles----------------------------------------------------
[2019-11-24 08:56:45] [INFO] Missing PBO file ace_vehicles.pbo. Building...
[2019-11-24 08:56:45] [INFO] Building: P:\z\ace\addons\vehicles
[2019-11-24 08:56:45] [INFO] Destination: P:\z\ace\release\@ace\addons
[2019-11-24 08:56:46] [INFO] pboProject return code == 0
[2019-11-24 08:56:46] [INFO] Signing with P:\private_keys\ace_3.12.6.43-829240a9.biprivatekey.
[2019-11-24 08:56:46] [INFO] 
[2019-11-24 08:56:46] [INFO] Making viewdistance------------------------------------------------
[2019-11-24 08:56:46] [INFO] Missing PBO file ace_viewdistance.pbo. Building...
[2019-11-24 08:56:46] [INFO] Building: P:\z\ace\addons\viewdistance
[2019-11-24 08:56:46] [INFO] Destination: P:\z\ace\release\@ace\addons
[2019-11-24 08:56:48] [INFO] pboProject return code == 0
[2019-11-24 08:56:48] [INFO] Signing with P:\private_keys\ace_3.12.6.43-829240a9.biprivatekey.
[2019-11-24 08:56:48] [INFO] 
[2019-11-24 08:56:48] [INFO] Making weaponselect------------------------------------------------
[2019-11-24 08:56:48] [INFO] Missing PBO file ace_weaponselect.pbo. Building...
[2019-11-24 08:56:48] [INFO] Building: P:\z\ace\addons\weaponselect
[2019-11-24 08:56:48] [INFO] Destination: P:\z\ace\release\@ace\addons
[2019-11-24 08:56:49] [INFO] pboProject return code == 0
[2019-11-24 08:56:49] [INFO] Signing with P:\private_keys\ace_3.12.6.43-829240a9.biprivatekey.
[2019-11-24 08:56:50] [INFO] 
[2019-11-24 08:56:50] [INFO] Making weather-----------------------------------------------------
[2019-11-24 08:56:50] [INFO] Missing PBO file ace_weather.pbo. Building...
[2019-11-24 08:56:50] [INFO] Building: P:\z\ace\addons\weather
[2019-11-24 08:56:50] [INFO] Destination: P:\z\ace\release\@ace\addons
[2019-11-24 08:56:52] [INFO] pboProject return code == 0
[2019-11-24 08:56:52] [INFO] Signing with P:\private_keys\ace_3.12.6.43-829240a9.biprivatekey.
[2019-11-24 08:56:53] [INFO] 
[2019-11-24 08:56:53] [INFO] Making winddeflection----------------------------------------------
[2019-11-24 08:56:53] [INFO] Missing PBO file ace_winddeflection.pbo. Building...
[2019-11-24 08:56:53] [INFO] Building: P:\z\ace\addons\winddeflection
[2019-11-24 08:56:53] [INFO] Destination: P:\z\ace\release\@ace\addons
[2019-11-24 08:56:54] [INFO] pboProject return code == 0
[2019-11-24 08:56:54] [INFO] Signing with P:\private_keys\ace_3.12.6.43-829240a9.biprivatekey.
[2019-11-24 08:56:55] [INFO] 
[2019-11-24 08:56:55] [INFO] Making yardage450--------------------------------------------------
[2019-11-24 08:56:55] [INFO] Missing PBO file ace_yardage450.pbo. Building...
[2019-11-24 08:56:55] [INFO] Building: P:\z\ace\addons\yardage450
[2019-11-24 08:56:55] [INFO] Destination: P:\z\ace\release\@ace\addons
[2019-11-24 08:57:27] [INFO] pboProject return code == 0
[2019-11-24 08:57:27] [INFO] Signing with P:\private_keys\ace_3.12.6.43-829240a9.biprivatekey.
[2019-11-24 08:57:28] [INFO] 
[2019-11-24 08:57:28] [INFO] Making zeus--------------------------------------------------------
[2019-11-24 08:57:29] [INFO] Missing PBO file ace_zeus.pbo. Building...
[2019-11-24 08:57:29] [INFO] Building: P:\z\ace\addons\zeus
[2019-11-24 08:57:29] [INFO] Destination: P:\z\ace\release\@ace\addons
[2019-11-24 08:57:32] [INFO] pboProject return code == 0
[2019-11-24 08:57:32] [INFO] Signing with P:\private_keys\ace_3.12.6.43-829240a9.biprivatekey.
[2019-11-24 08:57:32] [INFO] 
[2019-11-24 08:57:32] [INFO] Searching for important files in P:\z\ace
[2019-11-24 08:57:32] [INFO] Source_dir: P:\z\ace
[2019-11-24 08:57:32] [INFO] Destination_dir: P:\z\ace\release\@ace
[2019-11-24 08:57:32] [INFO] Copying file => P:\z\ace\mod.cpp
[2019-11-24 08:57:32] [INFO] Copying file => P:\z\ace\README.md
[2019-11-24 08:57:32] [INFO] Copying file => P:\z\ace\docs\README_DE.md
[2019-11-24 08:57:32] [INFO] Copying file => P:\z\ace\docs\README_PL.md
[2019-11-24 08:57:32] [INFO] Copying file => P:\z\ace\AUTHORS.txt
[2019-11-24 08:57:32] [INFO] Copying file => P:\z\ace\LICENSE
[2019-11-24 08:57:32] [INFO] Copying file => P:\z\ace\logo_ace3_ca.paa
[2019-11-24 08:57:32] [INFO] Copying file => P:\z\ace\meta.cpp
[2019-11-24 08:57:32] [INFO] 
[2019-11-24 08:57:32] [INFO] Searching for DLLs in P:\z\ace
[2019-11-24 08:57:32] [INFO] Copying dll => P:\z\ace\ace_advanced_ballistics.dll
[2019-11-24 08:57:33] [INFO] Copying dll => P:\z\ace\ace_advanced_ballistics_x64.dll
[2019-11-24 08:57:33] [INFO] Copying dll => P:\z\ace\ace_break_line.dll
[2019-11-24 08:57:33] [INFO] Copying dll => P:\z\ace\ace_break_line_x64.dll
[2019-11-24 08:57:33] [INFO] Copying dll => P:\z\ace\ace_clipboard.dll
[2019-11-24 08:57:33] [INFO] Copying dll => P:\z\ace\ace_clipboard_x64.dll
[2019-11-24 08:57:33] [INFO] Copying dll => P:\z\ace\ace_fcs.dll
[2019-11-24 08:57:33] [INFO] Copying dll => P:\z\ace\ace_fcs_x64.dll
[2019-11-24 08:57:33] [INFO] Copying dll => P:\z\ace\ace_parse_imagepath.dll
[2019-11-24 08:57:33] [INFO] Copying dll => P:\z\ace\ace_parse_imagepath_x64.dll
[2019-11-24 08:57:33] [INFO] 
[2019-11-24 08:57:33] [INFO] Cleaning P:\z\ace\addons\compat_r3f
[2019-11-24 08:57:33] [INFO] Cleaning P:\z\ace\addons\compat_rhs_afrf3
[2019-11-24 08:57:33] [INFO] Cleaning P:\z\ace\addons\compat_rhs_gref3
[2019-11-24 08:57:33] [INFO] Cleaning P:\z\ace\addons\compat_rhs_usf3
[2019-11-24 08:57:33] [INFO] Cleaning P:\z\ace\addons\compat_rh_acc
[2019-11-24 08:57:33] [INFO] Cleaning P:\z\ace\addons\compat_rh_de
[2019-11-24 08:57:33] [INFO] Cleaning P:\z\ace\addons\compat_rh_m4
[2019-11-24 08:57:33] [INFO] Cleaning P:\z\ace\addons\compat_rh_pdw
[2019-11-24 08:57:33] [INFO] Cleaning P:\z\ace\addons\compat_rksl_pm_ii
[2019-11-24 08:57:33] [INFO] Cleaning P:\z\ace\addons\compat_sma3_iansky
[2019-11-24 08:57:33] [INFO] Cleaning P:\z\ace\addons\noactionmenu
[2019-11-24 08:57:33] [INFO] Cleaning P:\z\ace\addons\nocrosshair
[2019-11-24 08:57:33] [INFO] Cleaning P:\z\ace\addons\nouniformrestrictions
[2019-11-24 08:57:33] [INFO] Cleaning P:\z\ace\addons\particles
[2019-11-24 08:57:33] [INFO] Cleaning P:\z\ace\addons\tracers
[2019-11-24 08:57:33] [INFO] 
[2019-11-24 08:57:33] [INFO] Restoring version files...
[2019-11-24 08:57:33] [INFO] Restoring P:\z\ace\README.md
[2019-11-24 08:57:33] [INFO] Restoring P:\z\ace\docs\README_DE.md
[2019-11-24 08:57:33] [INFO] Restoring P:\z\ace\docs\README_PL.md
[2019-11-24 08:57:34] [INFO] Restoring P:\z\ace\mod.cpp
[2019-11-24 08:57:34] [INFO] 
[2019-11-24 08:57:34] [INFO] Making release: ace3_3.12.6.zip ...
[2019-11-24 08:57:34] [INFO] Packing...
[2019-11-24 08:57:59] [INFO] 
[2019-11-24 08:57:59] [INFO] Completed with 0 errors.
[2019-11-24 08:57:59] [INFO] 
[2019-11-24 08:57:59] [INFO] Total Program time elapsed:  0h 30m 7.61079s
[2019-11-24 08:57:59] [INFO] Build successful
[2019-11-24 08:57:59] [INFO] Updating build db with latest commit hash
[2019-11-24 08:57:59] [INFO] Build db successfully updated
[2019-11-24 08:58:00] [INFO] Build finished
[2019-11-24 08:58:00] [INFO] Preparing log files for upload
[2019-11-24 08:58:00] [INFO] Closing log
